#
# There is insufficient memory for the Java Runtime Environment to continue.
# Native memory allocation (malloc) failed to allocate 1620096 bytes for Chunk::new
# Possible reasons:
#   The system is out of physical RAM or swap space
#   The process is running with CompressedOops enabled, and the Java Heap may be blocking the growth of the native heap
# Possible solutions:
#   Reduce memory load on the system
#   Increase physical memory or swap space
#   Check if swap backing store is full
#   Decrease Java heap size (-Xmx/-Xms)
#   Decrease number of Java threads
#   Decrease Java thread stack sizes (-Xss)
#   Set larger code cache with -XX:ReservedCodeCacheSize=
#   JVM is running with Unscaled Compressed Oops mode in which the Java heap is
#     placed in the first 4GB address space. The Java Heap base address is the
#     maximum limit for the native heap growth. Please use -XX:HeapBaseMinAddress
#     to set the Java Heap base and to place the Java Heap above 4GB virtual address.
# This output file may be truncated or incomplete.
#
#  Out of Memory Error (arena.cpp:168), pid=29920, tid=26376
#
# JRE version: Java(TM) SE Runtime Environment (21.0.4+8) (build 21.0.4+8-LTS-274)
# Java VM: Java HotSpot(TM) 64-Bit Server VM (21.0.4+8-LTS-274, mixed mode, sharing, tiered, compressed oops, compressed class ptrs, g1 gc, windows-amd64)
# No core dump will be written. Minidumps are not enabled by default on client versions of Windows
#

---------------  S U M M A R Y ------------

Command Line: --add-opens=java.base/java.util=ALL-UNNAMED --add-opens=java.base/java.lang=ALL-UNNAMED --add-opens=java.base/java.lang.invoke=ALL-UNNAMED --add-opens=java.prefs/java.util.prefs=ALL-UNNAMED --add-exports=jdk.compiler/com.sun.tools.javac.api=ALL-UNNAMED --add-exports=jdk.compiler/com.sun.tools.javac.util=ALL-UNNAMED --add-opens=java.base/java.nio.charset=ALL-UNNAMED --add-opens=java.base/java.net=ALL-UNNAMED --add-opens=java.base/java.util.concurrent.atomic=ALL-UNNAMED -Xmx2048m -Dfile.encoding=UTF-8 -Duser.country=US -Duser.language=en -Duser.variant -javaagent:C:\Users\DELL\.gradle\wrapper\dists\gradle-8.10.2-bin\a04bxjujx95o3nb99gddekhwo\gradle-8.10.2\lib\agents\gradle-instrumentation-agent-8.10.2.jar org.gradle.launcher.daemon.bootstrap.GradleDaemon 8.10.2

Host: Intel(R) Core(TM) i5-1035G1 CPU @ 1.00GHz, 8 cores, 7G,  Windows 10 , 64 bit Build 19041 (10.0.19041.5438)
Time: Wed Feb 26 02:27:30 2025 FLE Standard Time elapsed time: 77.921925 seconds (0d 0h 1m 17s)

---------------  T H R E A D  ---------------

Current thread (0x000001607c0b3710):  JavaThread "C2 CompilerThread0" daemon [_thread_in_native, id=26376, stack(0x0000003b0bd00000,0x0000003b0be00000) (1024K)]


Current CompileTask:
C2:  77922 7758       4       java.io.ObjectOutputStream::writeClassDesc (60 bytes)

Stack: [0x0000003b0bd00000,0x0000003b0be00000]
Native frames: (J=compiled Java code, j=interpreted, Vv=VM code, C=native code)
V  [jvm.dll+0x6c8e59]
V  [jvm.dll+0x853181]
V  [jvm.dll+0x8556ae]
V  [jvm.dll+0x855d83]
V  [jvm.dll+0x27d526]
V  [jvm.dll+0xc4aad]
V  [jvm.dll+0xc4fe3]
V  [jvm.dll+0x3b400c]
V  [jvm.dll+0x1df439]
V  [jvm.dll+0x2463d2]
V  [jvm.dll+0x24585f]
V  [jvm.dll+0x1c69de]
V  [jvm.dll+0x254d49]
V  [jvm.dll+0x2532da]
V  [jvm.dll+0x3ed426]
V  [jvm.dll+0x7fd65b]
V  [jvm.dll+0x6c753d]
C  [ucrtbase.dll+0x21bb2]
C  [KERNEL32.DLL+0x17374]
C  [ntdll.dll+0x4cc91]


---------------  P R O C E S S  ---------------

Threads class SMR info:
_java_thread_list=0x0000016046a77dd0, length=54, elements={
0x000001605f6ae320, 0x000001607c09adf0, 0x000001607c09bd10, 0x000001607c0a47b0,
0x000001607c0a5490, 0x000001607c0adf00, 0x000001607c0b0970, 0x000001607c0b3710,
0x000001607c0b96c0, 0x000001607c29e300, 0x000001607c393340, 0x000001607df2c8f0,
0x000001607c5d50c0, 0x000001607c56a220, 0x000001607c4061e0, 0x000001607cf6a7a0,
0x000001607d4ac340, 0x000001607c5828b0, 0x000001607c581b90, 0x000001607c581500,
0x000001607c582220, 0x000001607ceb41c0, 0x000001607ceb06b0, 0x000001607ceb2780,
0x000001607ceb0d40, 0x000001607ceb20f0, 0x000001607ceb4850, 0x000001607ceb1a60,
0x000001607ceb34a0, 0x000001607ceb4ee0, 0x000001607ceb3b30, 0x000001607ceb5570,
0x000001607ceb5c00, 0x000001607ceb6fb0, 0x000001607ceb13d0, 0x000001607ceb6290,
0x000001607ceb6920, 0x000001607ceb7640, 0x0000016046bf73d0, 0x0000016046bf4c70,
0x0000016046bfb570, 0x0000016046bf45e0, 0x0000016046bfa1c0, 0x0000016046bf94a0,
0x0000016046bf5300, 0x0000016046bf9b30, 0x0000016046bfaee0, 0x0000016046bfa850,
0x0000016046bfbc00, 0x0000016046bf66b0, 0x0000016046bf6d40, 0x0000016046bf7a60,
0x000001607e0a28c0, 0x000001607e0a56b0
}

Java Threads: ( => current thread )
  0x000001605f6ae320 JavaThread "main"                              [_thread_blocked, id=21792, stack(0x0000003b0af00000,0x0000003b0b000000) (1024K)]
  0x000001607c09adf0 JavaThread "Reference Handler"          daemon [_thread_blocked, id=8748, stack(0x0000003b0b700000,0x0000003b0b800000) (1024K)]
  0x000001607c09bd10 JavaThread "Finalizer"                  daemon [_thread_blocked, id=7036, stack(0x0000003b0b800000,0x0000003b0b900000) (1024K)]
  0x000001607c0a47b0 JavaThread "Signal Dispatcher"          daemon [_thread_blocked, id=24636, stack(0x0000003b0b900000,0x0000003b0ba00000) (1024K)]
  0x000001607c0a5490 JavaThread "Attach Listener"            daemon [_thread_blocked, id=14172, stack(0x0000003b0ba00000,0x0000003b0bb00000) (1024K)]
  0x000001607c0adf00 JavaThread "Service Thread"             daemon [_thread_blocked, id=12072, stack(0x0000003b0bb00000,0x0000003b0bc00000) (1024K)]
  0x000001607c0b0970 JavaThread "Monitor Deflation Thread"   daemon [_thread_blocked, id=22792, stack(0x0000003b0bc00000,0x0000003b0bd00000) (1024K)]
=>0x000001607c0b3710 JavaThread "C2 CompilerThread0"         daemon [_thread_in_native, id=26376, stack(0x0000003b0bd00000,0x0000003b0be00000) (1024K)]
  0x000001607c0b96c0 JavaThread "C1 CompilerThread0"         daemon [_thread_blocked, id=31172, stack(0x0000003b0be00000,0x0000003b0bf00000) (1024K)]
  0x000001607c29e300 JavaThread "Common-Cleaner"             daemon [_thread_blocked, id=15756, stack(0x0000003b0bf00000,0x0000003b0c000000) (1024K)]
  0x000001607c393340 JavaThread "Notification Thread"        daemon [_thread_blocked, id=23688, stack(0x0000003b0c000000,0x0000003b0c100000) (1024K)]
  0x000001607df2c8f0 JavaThread "Daemon health stats"               [_thread_blocked, id=14800, stack(0x0000003b0c600000,0x0000003b0c700000) (1024K)]
  0x000001607c5d50c0 JavaThread "Incoming local TCP Connector on port 56552"        [_thread_in_native, id=5604, stack(0x0000003b0c700000,0x0000003b0c800000) (1024K)]
  0x000001607c56a220 JavaThread "Daemon periodic checks"            [_thread_blocked, id=16088, stack(0x0000003b0c800000,0x0000003b0c900000) (1024K)]
  0x000001607c4061e0 JavaThread "Daemon"                            [_thread_blocked, id=5868, stack(0x0000003b0c900000,0x0000003b0ca00000) (1024K)]
  0x000001607cf6a7a0 JavaThread "Handler for socket connection from /127.0.0.1:56552 to /127.0.0.1:56553"        [_thread_in_native, id=16732, stack(0x0000003b0ca00000,0x0000003b0cb00000) (1024K)]
  0x000001607d4ac340 JavaThread "Cancel handler"                    [_thread_blocked, id=31460, stack(0x0000003b0cb00000,0x0000003b0cc00000) (1024K)]
  0x000001607c5828b0 JavaThread "Daemon worker"                     [_thread_blocked, id=13416, stack(0x0000003b0cc00000,0x0000003b0cd00000) (1024K)]
  0x000001607c581b90 JavaThread "Asynchronous log dispatcher for DefaultDaemonConnection: socket connection from /127.0.0.1:56552 to /127.0.0.1:56553"        [_thread_blocked, id=24648, stack(0x0000003b0cd00000,0x0000003b0ce00000) (1024K)]
  0x000001607c581500 JavaThread "Stdin handler"                     [_thread_blocked, id=10876, stack(0x0000003b0ce00000,0x0000003b0cf00000) (1024K)]
  0x000001607c582220 JavaThread "Daemon client event forwarder"        [_thread_blocked, id=24260, stack(0x0000003b0cf00000,0x0000003b0d000000) (1024K)]
  0x000001607ceb41c0 JavaThread "Cache worker for journal cache (C:\Users\DELL\.gradle\caches\journal-1)"        [_thread_blocked, id=19716, stack(0x0000003b0d000000,0x0000003b0d100000) (1024K)]
  0x000001607ceb06b0 JavaThread "File lock request listener"        [_thread_in_native, id=31948, stack(0x0000003b0d100000,0x0000003b0d200000) (1024K)]
  0x000001607ceb2780 JavaThread "Cache worker for file hash cache (C:\Users\DELL\.gradle\caches\8.10.2\fileHashes)"        [_thread_blocked, id=18108, stack(0x0000003b0d200000,0x0000003b0d300000) (1024K)]
  0x000001607ceb0d40 JavaThread "Cache worker for file hash cache (C:\Users\DELL\AndroidStudioProjects\MyApplication2\.gradle\8.10.2\fileHashes)"        [_thread_blocked, id=22592, stack(0x0000003b0d700000,0x0000003b0d800000) (1024K)]
  0x000001607ceb20f0 JavaThread "Cache worker for Build Output Cleanup Cache (C:\Users\DELL\AndroidStudioProjects\MyApplication2\.gradle\buildOutputCleanup)"        [_thread_blocked, id=21164, stack(0x0000003b0d800000,0x0000003b0d900000) (1024K)]
  0x000001607ceb4850 JavaThread "File watcher server"        daemon [_thread_in_native, id=7644, stack(0x0000003b0d400000,0x0000003b0d500000) (1024K)]
  0x000001607ceb1a60 JavaThread "File watcher consumer"      daemon [_thread_blocked, id=32392, stack(0x0000003b0d900000,0x0000003b0da00000) (1024K)]
  0x000001607ceb34a0 JavaThread "jar transforms"                    [_thread_blocked, id=22544, stack(0x0000003b0db00000,0x0000003b0dc00000) (1024K)]
  0x000001607ceb4ee0 JavaThread "jar transforms Thread 2"           [_thread_blocked, id=2084, stack(0x0000003b0dc00000,0x0000003b0dd00000) (1024K)]
  0x000001607ceb3b30 JavaThread "jar transforms Thread 3"           [_thread_blocked, id=7424, stack(0x0000003b0dd00000,0x0000003b0de00000) (1024K)]
  0x000001607ceb5570 JavaThread "Cache worker for checksums cache (C:\Users\DELL\AndroidStudioProjects\MyApplication2\.gradle\8.10.2\checksums)"        [_thread_blocked, id=12512, stack(0x0000003b0da00000,0x0000003b0db00000) (1024K)]
  0x000001607ceb5c00 JavaThread "Cache worker for file content cache (C:\Users\DELL\.gradle\caches\8.10.2\fileContent)"        [_thread_blocked, id=22392, stack(0x0000003b0de00000,0x0000003b0df00000) (1024K)]
  0x000001607ceb6fb0 JavaThread "Cache worker for cache directory md-rule (C:\Users\DELL\.gradle\caches\8.10.2\md-rule)"        [_thread_blocked, id=11904, stack(0x0000003b0df00000,0x0000003b0e000000) (1024K)]
  0x000001607ceb13d0 JavaThread "Cache worker for cache directory md-supplier (C:\Users\DELL\.gradle\caches\8.10.2\md-supplier)"        [_thread_blocked, id=14780, stack(0x0000003b0e000000,0x0000003b0e100000) (1024K)]
  0x000001607ceb6290 JavaThread "jar transforms Thread 4"           [_thread_blocked, id=9300, stack(0x0000003b0e100000,0x0000003b0e200000) (1024K)]
  0x000001607ceb6920 JavaThread "jar transforms Thread 5"           [_thread_blocked, id=15768, stack(0x0000003b0e200000,0x0000003b0e300000) (1024K)]
  0x000001607ceb7640 JavaThread "jar transforms Thread 6"           [_thread_blocked, id=2188, stack(0x0000003b0e300000,0x0000003b0e400000) (1024K)]
  0x0000016046bf73d0 JavaThread "jar transforms Thread 7"           [_thread_blocked, id=30416, stack(0x0000003b0e400000,0x0000003b0e500000) (1024K)]
  0x0000016046bf4c70 JavaThread "jar transforms Thread 8"           [_thread_blocked, id=19816, stack(0x0000003b0e500000,0x0000003b0e600000) (1024K)]
  0x0000016046bfb570 JavaThread "Unconstrained build operations"        [_thread_blocked, id=18624, stack(0x0000003b0ac00000,0x0000003b0ad00000) (1024K)]
  0x0000016046bf45e0 JavaThread "Unconstrained build operations Thread 2"        [_thread_blocked, id=10064, stack(0x0000003b0ad00000,0x0000003b0ae00000) (1024K)]
  0x0000016046bfa1c0 JavaThread "Unconstrained build operations Thread 3"        [_thread_blocked, id=19128, stack(0x0000003b0ae00000,0x0000003b0af00000) (1024K)]
  0x0000016046bf94a0 JavaThread "Unconstrained build operations Thread 4"        [_thread_blocked, id=17772, stack(0x0000003b0e600000,0x0000003b0e700000) (1024K)]
  0x0000016046bf5300 JavaThread "Unconstrained build operations Thread 5"        [_thread_blocked, id=27992, stack(0x0000003b0e700000,0x0000003b0e800000) (1024K)]
  0x0000016046bf9b30 JavaThread "Unconstrained build operations Thread 6"        [_thread_blocked, id=14608, stack(0x0000003b0e800000,0x0000003b0e900000) (1024K)]
  0x0000016046bfaee0 JavaThread "Unconstrained build operations Thread 7"        [_thread_blocked, id=29668, stack(0x0000003b0e900000,0x0000003b0ea00000) (1024K)]
  0x0000016046bfa850 JavaThread "Unconstrained build operations Thread 8"        [_thread_blocked, id=23024, stack(0x0000003b0ea00000,0x0000003b0eb00000) (1024K)]
  0x0000016046bfbc00 JavaThread "Unconstrained build operations Thread 9"        [_thread_in_native, id=13040, stack(0x0000003b0eb00000,0x0000003b0ec00000) (1024K)]
  0x0000016046bf66b0 JavaThread "Unconstrained build operations Thread 10"        [_thread_in_native, id=30892, stack(0x0000003b0ec00000,0x0000003b0ed00000) (1024K)]
  0x0000016046bf6d40 JavaThread "Unconstrained build operations Thread 11"        [_thread_in_native, id=28820, stack(0x0000003b0ed00000,0x0000003b0ee00000) (1024K)]
  0x0000016046bf7a60 JavaThread "Unconstrained build operations Thread 12"        [_thread_in_native, id=27976, stack(0x0000003b0ee00000,0x0000003b0ef00000) (1024K)]
  0x000001607e0a28c0 JavaThread "Unconstrained build operations Thread 13"        [_thread_in_native, id=12132, stack(0x0000003b0ef00000,0x0000003b0f000000) (1024K)]
  0x000001607e0a56b0 JavaThread "Unconstrained build operations Thread 14"        [_thread_in_native, id=19112, stack(0x0000003b0f000000,0x0000003b0f100000) (1024K)]
Total: 54

Other Threads:
  0x000001607c0792a0 VMThread "VM Thread"                           [id=9092, stack(0x0000003b0b600000,0x0000003b0b700000) (1024K)]
  0x000001607c0649f0 WatcherThread "VM Periodic Task Thread"        [id=31180, stack(0x0000003b0b500000,0x0000003b0b600000) (1024K)]
  0x000001605f704f20 WorkerThread "GC Thread#0"                     [id=30656, stack(0x0000003b0b000000,0x0000003b0b100000) (1024K)]
  0x000001607c3d9410 WorkerThread "GC Thread#1"                     [id=28352, stack(0x0000003b0c200000,0x0000003b0c300000) (1024K)]
  0x000001607c3d97b0 WorkerThread "GC Thread#2"                     [id=27348, stack(0x0000003b0c300000,0x0000003b0c400000) (1024K)]
  0x000001607c576d00 WorkerThread "GC Thread#3"                     [id=13636, stack(0x0000003b0c400000,0x0000003b0c500000) (1024K)]
  0x000001607d12d5d0 WorkerThread "GC Thread#4"                     [id=10604, stack(0x0000003b0c100000,0x0000003b0c200000) (1024K)]
  0x000001607deab140 WorkerThread "GC Thread#5"                     [id=6744, stack(0x0000003b0c500000,0x0000003b0c600000) (1024K)]
  0x000001607d6629f0 WorkerThread "GC Thread#6"                     [id=9804, stack(0x0000003b0d500000,0x0000003b0d600000) (1024K)]
  0x000001607d662d90 WorkerThread "GC Thread#7"                     [id=24696, stack(0x0000003b0d600000,0x0000003b0d700000) (1024K)]
  0x000001605f715fd0 ConcurrentGCThread "G1 Main Marker"            [id=12312, stack(0x0000003b0b100000,0x0000003b0b200000) (1024K)]
  0x000001605f718190 WorkerThread "G1 Conc#0"                       [id=13160, stack(0x0000003b0b200000,0x0000003b0b300000) (1024K)]
  0x000001607d661b70 WorkerThread "G1 Conc#1"                       [id=32524, stack(0x0000003b0d300000,0x0000003b0d400000) (1024K)]
  0x000001607bf3c520 ConcurrentGCThread "G1 Refine#0"               [id=17924, stack(0x0000003b0b300000,0x0000003b0b400000) (1024K)]
  0x000001607bf3cfa0 ConcurrentGCThread "G1 Service"                [id=8604, stack(0x0000003b0b400000,0x0000003b0b500000) (1024K)]
Total: 15

Threads with active compile tasks:
C2 CompilerThread0    77998 7758       4       java.io.ObjectOutputStream::writeClassDesc (60 bytes)
Total: 1

VM state: not at safepoint (normal execution)

VM Mutex/Monitor currently owned by a thread: None

Heap address: 0x0000000080000000, size: 2048 MB, Compressed Oops mode: 32-bit

CDS archive(s) mapped at: [0x0000016000000000-0x0000016000c90000-0x0000016000c90000), size 13172736, SharedBaseAddress: 0x0000016000000000, ArchiveRelocationMode: 1.
Compressed class space mapped at: 0x0000016001000000-0x0000016041000000, reserved size: 1073741824
Narrow klass base: 0x0000016000000000, Narrow klass shift: 0, Narrow klass range: 0x100000000

GC Precious Log:
 CardTable entry size: 512
 Card Set container configuration: InlinePtr #cards 5 size 8 Array Of Cards #cards 12 size 40 Howl #buckets 4 coarsen threshold 1843 Howl Bitmap #cards 512 size 80 coarsen threshold 460 Card regions per heap region 1 cards per card region 2048
 CPUs: 8 total, 8 available
 Memory: 7959M
 Large Page Support: Disabled
 NUMA Support: Disabled
 Compressed Oops: Enabled (32-bit)
 Heap Region Size: 1M
 Heap Min Capacity: 8M
 Heap Initial Capacity: 126M
 Heap Max Capacity: 2G
 Pre-touch: Disabled
 Parallel Workers: 8
 Concurrent Workers: 2
 Concurrent Refinement Workers: 8
 Periodic GC: Disabled

Heap:
 garbage-first heap   total 97280K, used 72106K [0x0000000080000000, 0x0000000100000000)
  region size 1024K, 28 young (28672K), 5 survivors (5120K)
 Metaspace       used 59383K, committed 61184K, reserved 1114112K
  class space    used 8392K, committed 9280K, reserved 1048576K

Heap Regions: E=young(eden), S=young(survivor), O=old, HS=humongous(starts), HC=humongous(continues), CS=collection set, F=free, TAMS=top-at-mark-start, PB=parsable bottom
|   0|0x0000000080000000, 0x0000000080100000, 0x0000000080100000|100%| O|  |TAMS 0x0000000080000000| PB 0x0000000080000000| Untracked 
|   1|0x0000000080100000, 0x0000000080200000, 0x0000000080200000|100%| O|  |TAMS 0x0000000080100000| PB 0x0000000080100000| Untracked 
|   2|0x0000000080200000, 0x0000000080300000, 0x0000000080300000|100%|HS|  |TAMS 0x0000000080200000| PB 0x0000000080200000| Complete 
|   3|0x0000000080300000, 0x0000000080400000, 0x0000000080400000|100%|HC|  |TAMS 0x0000000080300000| PB 0x0000000080300000| Complete 
|   4|0x0000000080400000, 0x0000000080500000, 0x0000000080500000|100%|HC|  |TAMS 0x0000000080400000| PB 0x0000000080400000| Complete 
|   5|0x0000000080500000, 0x0000000080600000, 0x0000000080600000|100%|HC|  |TAMS 0x0000000080500000| PB 0x0000000080500000| Complete 
|   6|0x0000000080600000, 0x0000000080700000, 0x0000000080700000|100%| O|  |TAMS 0x0000000080600000| PB 0x0000000080600000| Untracked 
|   7|0x0000000080700000, 0x0000000080800000, 0x0000000080800000|100%| O|  |TAMS 0x0000000080700000| PB 0x0000000080700000| Untracked 
|   8|0x0000000080800000, 0x0000000080900000, 0x0000000080900000|100%| O|  |TAMS 0x0000000080800000| PB 0x0000000080800000| Untracked 
|   9|0x0000000080900000, 0x0000000080a00000, 0x0000000080a00000|100%|HS|  |TAMS 0x0000000080900000| PB 0x0000000080900000| Complete 
|  10|0x0000000080a00000, 0x0000000080b00000, 0x0000000080b00000|100%| O|  |TAMS 0x0000000080a00000| PB 0x0000000080a00000| Untracked 
|  11|0x0000000080b00000, 0x0000000080c00000, 0x0000000080c00000|100%| O|  |TAMS 0x0000000080b00000| PB 0x0000000080b00000| Untracked 
|  12|0x0000000080c00000, 0x0000000080d00000, 0x0000000080d00000|100%| O|  |TAMS 0x0000000080c00000| PB 0x0000000080c00000| Untracked 
|  13|0x0000000080d00000, 0x0000000080e00000, 0x0000000080e00000|100%| O|  |TAMS 0x0000000080d00000| PB 0x0000000080d00000| Untracked 
|  14|0x0000000080e00000, 0x0000000080f00000, 0x0000000080f00000|100%| O|  |TAMS 0x0000000080e00000| PB 0x0000000080e00000| Untracked 
|  15|0x0000000080f00000, 0x0000000081000000, 0x0000000081000000|100%| O|  |TAMS 0x0000000080f00000| PB 0x0000000080f00000| Untracked 
|  16|0x0000000081000000, 0x0000000081100000, 0x0000000081100000|100%| O|  |TAMS 0x0000000081000000| PB 0x0000000081000000| Untracked 
|  17|0x0000000081100000, 0x0000000081200000, 0x0000000081200000|100%| O|  |TAMS 0x0000000081100000| PB 0x0000000081100000| Untracked 
|  18|0x0000000081200000, 0x0000000081300000, 0x0000000081300000|100%| O|  |TAMS 0x0000000081200000| PB 0x0000000081200000| Untracked 
|  19|0x0000000081300000, 0x0000000081400000, 0x0000000081400000|100%| O|  |TAMS 0x0000000081300000| PB 0x0000000081300000| Untracked 
|  20|0x0000000081400000, 0x0000000081500000, 0x0000000081500000|100%| O|  |TAMS 0x0000000081400000| PB 0x0000000081400000| Untracked 
|  21|0x0000000081500000, 0x0000000081600000, 0x0000000081600000|100%| O|  |TAMS 0x0000000081500000| PB 0x0000000081500000| Untracked 
|  22|0x0000000081600000, 0x0000000081700000, 0x0000000081700000|100%| O|  |TAMS 0x0000000081600000| PB 0x0000000081600000| Untracked 
|  23|0x0000000081700000, 0x0000000081800000, 0x0000000081800000|100%| O|  |TAMS 0x0000000081700000| PB 0x0000000081700000| Untracked 
|  24|0x0000000081800000, 0x0000000081900000, 0x0000000081900000|100%| O|  |TAMS 0x0000000081800000| PB 0x0000000081800000| Untracked 
|  25|0x0000000081900000, 0x0000000081a00000, 0x0000000081a00000|100%| O|  |TAMS 0x0000000081900000| PB 0x0000000081900000| Untracked 
|  26|0x0000000081a00000, 0x0000000081b00000, 0x0000000081b00000|100%| O|  |TAMS 0x0000000081a00000| PB 0x0000000081a00000| Untracked 
|  27|0x0000000081b00000, 0x0000000081c00000, 0x0000000081c00000|100%| O|  |TAMS 0x0000000081b00000| PB 0x0000000081b00000| Untracked 
|  28|0x0000000081c00000, 0x0000000081d00000, 0x0000000081d00000|100%| O|  |TAMS 0x0000000081c00000| PB 0x0000000081c00000| Untracked 
|  29|0x0000000081d00000, 0x0000000081e00000, 0x0000000081e00000|100%| O|  |TAMS 0x0000000081d00000| PB 0x0000000081d00000| Untracked 
|  30|0x0000000081e00000, 0x0000000081f00000, 0x0000000081f00000|100%| O|  |TAMS 0x0000000081e00000| PB 0x0000000081e00000| Untracked 
|  31|0x0000000081f00000, 0x0000000082000000, 0x0000000082000000|100%| O|  |TAMS 0x0000000081f00000| PB 0x0000000081f00000| Untracked 
|  32|0x0000000082000000, 0x0000000082100000, 0x0000000082100000|100%| O|  |TAMS 0x0000000082000000| PB 0x0000000082000000| Untracked 
|  33|0x0000000082100000, 0x0000000082200000, 0x0000000082200000|100%| O|  |TAMS 0x0000000082100000| PB 0x0000000082100000| Untracked 
|  34|0x0000000082200000, 0x0000000082300000, 0x0000000082300000|100%| O|  |TAMS 0x0000000082200000| PB 0x0000000082200000| Untracked 
|  35|0x0000000082300000, 0x0000000082400000, 0x0000000082400000|100%| O|  |TAMS 0x0000000082300000| PB 0x0000000082300000| Untracked 
|  36|0x0000000082400000, 0x0000000082500000, 0x0000000082500000|100%| O|  |TAMS 0x0000000082400000| PB 0x0000000082400000| Untracked 
|  37|0x0000000082500000, 0x0000000082600000, 0x0000000082600000|100%| O|  |TAMS 0x0000000082500000| PB 0x0000000082500000| Untracked 
|  38|0x0000000082600000, 0x0000000082700000, 0x0000000082700000|100%| O|  |TAMS 0x0000000082600000| PB 0x0000000082600000| Untracked 
|  39|0x0000000082700000, 0x0000000082781098, 0x0000000082800000| 50%| O|  |TAMS 0x0000000082700000| PB 0x0000000082700000| Untracked 
|  40|0x0000000082800000, 0x0000000082800000, 0x0000000082900000|  0%| F|  |TAMS 0x0000000082800000| PB 0x0000000082800000| Untracked 
|  41|0x0000000082900000, 0x0000000082a00000, 0x0000000082a00000|100%| O|  |TAMS 0x0000000082900000| PB 0x0000000082900000| Untracked 
|  42|0x0000000082a00000, 0x0000000082b00000, 0x0000000082b00000|100%| O|  |TAMS 0x0000000082a00000| PB 0x0000000082a00000| Untracked 
|  43|0x0000000082b00000, 0x0000000082c00000, 0x0000000082c00000|100%| O|  |TAMS 0x0000000082b00000| PB 0x0000000082b00000| Untracked 
|  44|0x0000000082c00000, 0x0000000082c00000, 0x0000000082d00000|  0%| F|  |TAMS 0x0000000082c00000| PB 0x0000000082c00000| Untracked 
|  45|0x0000000082d00000, 0x0000000082d00000, 0x0000000082e00000|  0%| F|  |TAMS 0x0000000082d00000| PB 0x0000000082d00000| Untracked 
|  46|0x0000000082e00000, 0x0000000082e00000, 0x0000000082f00000|  0%| F|  |TAMS 0x0000000082e00000| PB 0x0000000082e00000| Untracked 
|  47|0x0000000082f00000, 0x0000000082f00000, 0x0000000083000000|  0%| F|  |TAMS 0x0000000082f00000| PB 0x0000000082f00000| Untracked 
|  48|0x0000000083000000, 0x0000000083000000, 0x0000000083100000|  0%| F|  |TAMS 0x0000000083000000| PB 0x0000000083000000| Untracked 
|  49|0x0000000083100000, 0x0000000083100000, 0x0000000083200000|  0%| F|  |TAMS 0x0000000083100000| PB 0x0000000083100000| Untracked 
|  50|0x0000000083200000, 0x0000000083200000, 0x0000000083300000|  0%| F|  |TAMS 0x0000000083200000| PB 0x0000000083200000| Untracked 
|  51|0x0000000083300000, 0x0000000083300000, 0x0000000083400000|  0%| F|  |TAMS 0x0000000083300000| PB 0x0000000083300000| Untracked 
|  52|0x0000000083400000, 0x0000000083400000, 0x0000000083500000|  0%| F|  |TAMS 0x0000000083400000| PB 0x0000000083400000| Untracked 
|  53|0x0000000083500000, 0x0000000083500000, 0x0000000083600000|  0%| F|  |TAMS 0x0000000083500000| PB 0x0000000083500000| Untracked 
|  54|0x0000000083600000, 0x0000000083600000, 0x0000000083700000|  0%| F|  |TAMS 0x0000000083600000| PB 0x0000000083600000| Untracked 
|  55|0x0000000083700000, 0x0000000083700000, 0x0000000083800000|  0%| F|  |TAMS 0x0000000083700000| PB 0x0000000083700000| Untracked 
|  56|0x0000000083800000, 0x0000000083800000, 0x0000000083900000|  0%| F|  |TAMS 0x0000000083800000| PB 0x0000000083800000| Untracked 
|  57|0x0000000083900000, 0x0000000083900000, 0x0000000083a00000|  0%| F|  |TAMS 0x0000000083900000| PB 0x0000000083900000| Untracked 
|  58|0x0000000083a00000, 0x0000000083a00000, 0x0000000083b00000|  0%| F|  |TAMS 0x0000000083a00000| PB 0x0000000083a00000| Untracked 
|  59|0x0000000083b00000, 0x0000000083b00000, 0x0000000083c00000|  0%| F|  |TAMS 0x0000000083b00000| PB 0x0000000083b00000| Untracked 
|  60|0x0000000083c00000, 0x0000000083c00000, 0x0000000083d00000|  0%| F|  |TAMS 0x0000000083c00000| PB 0x0000000083c00000| Untracked 
|  61|0x0000000083d00000, 0x0000000083d00000, 0x0000000083e00000|  0%| F|  |TAMS 0x0000000083d00000| PB 0x0000000083d00000| Untracked 
|  62|0x0000000083e00000, 0x0000000083e00000, 0x0000000083f00000|  0%| F|  |TAMS 0x0000000083e00000| PB 0x0000000083e00000| Untracked 
|  63|0x0000000083f00000, 0x0000000083f00000, 0x0000000084000000|  0%| F|  |TAMS 0x0000000083f00000| PB 0x0000000083f00000| Untracked 
|  64|0x0000000084000000, 0x0000000084000000, 0x0000000084100000|  0%| F|  |TAMS 0x0000000084000000| PB 0x0000000084000000| Untracked 
|  65|0x0000000084100000, 0x0000000084132018, 0x0000000084200000| 19%| E|  |TAMS 0x0000000084100000| PB 0x0000000084100000| Complete 
|  66|0x0000000084200000, 0x0000000084300000, 0x0000000084300000|100%| E|CS|TAMS 0x0000000084200000| PB 0x0000000084200000| Complete 
|  67|0x0000000084300000, 0x0000000084400000, 0x0000000084400000|100%| E|CS|TAMS 0x0000000084300000| PB 0x0000000084300000| Complete 
|  68|0x0000000084400000, 0x0000000084500000, 0x0000000084500000|100%| E|CS|TAMS 0x0000000084400000| PB 0x0000000084400000| Complete 
|  69|0x0000000084500000, 0x0000000084600000, 0x0000000084600000|100%| E|CS|TAMS 0x0000000084500000| PB 0x0000000084500000| Complete 
|  70|0x0000000084600000, 0x0000000084700000, 0x0000000084700000|100%| E|CS|TAMS 0x0000000084600000| PB 0x0000000084600000| Complete 
|  71|0x0000000084700000, 0x0000000084800000, 0x0000000084800000|100%| E|CS|TAMS 0x0000000084700000| PB 0x0000000084700000| Complete 
|  72|0x0000000084800000, 0x0000000084900000, 0x0000000084900000|100%| E|CS|TAMS 0x0000000084800000| PB 0x0000000084800000| Complete 
|  73|0x0000000084900000, 0x0000000084a00000, 0x0000000084a00000|100%| E|CS|TAMS 0x0000000084900000| PB 0x0000000084900000| Complete 
|  74|0x0000000084a00000, 0x0000000084b00000, 0x0000000084b00000|100%| E|CS|TAMS 0x0000000084a00000| PB 0x0000000084a00000| Complete 
|  75|0x0000000084b00000, 0x0000000084c00000, 0x0000000084c00000|100%| E|CS|TAMS 0x0000000084b00000| PB 0x0000000084b00000| Complete 
|  76|0x0000000084c00000, 0x0000000084ce9ae0, 0x0000000084d00000| 91%| S|CS|TAMS 0x0000000084c00000| PB 0x0000000084c00000| Complete 
|  77|0x0000000084d00000, 0x0000000084e00000, 0x0000000084e00000|100%| S|CS|TAMS 0x0000000084d00000| PB 0x0000000084d00000| Complete 
|  78|0x0000000084e00000, 0x0000000084f00000, 0x0000000084f00000|100%| S|CS|TAMS 0x0000000084e00000| PB 0x0000000084e00000| Complete 
|  79|0x0000000084f00000, 0x0000000085000000, 0x0000000085000000|100%| S|CS|TAMS 0x0000000084f00000| PB 0x0000000084f00000| Complete 
|  80|0x0000000085000000, 0x0000000085100000, 0x0000000085100000|100%| S|CS|TAMS 0x0000000085000000| PB 0x0000000085000000| Complete 
|  81|0x0000000085100000, 0x0000000085200000, 0x0000000085200000|100%| E|CS|TAMS 0x0000000085100000| PB 0x0000000085100000| Complete 
|  82|0x0000000085200000, 0x0000000085300000, 0x0000000085300000|100%| E|CS|TAMS 0x0000000085200000| PB 0x0000000085200000| Complete 
|  83|0x0000000085300000, 0x0000000085400000, 0x0000000085400000|100%| E|CS|TAMS 0x0000000085300000| PB 0x0000000085300000| Complete 
|  84|0x0000000085400000, 0x0000000085500000, 0x0000000085500000|100%| E|CS|TAMS 0x0000000085400000| PB 0x0000000085400000| Complete 
|  85|0x0000000085500000, 0x0000000085600000, 0x0000000085600000|100%| E|CS|TAMS 0x0000000085500000| PB 0x0000000085500000| Complete 
|  86|0x0000000085600000, 0x0000000085700000, 0x0000000085700000|100%| E|  |TAMS 0x0000000085600000| PB 0x0000000085600000| Complete 
|  87|0x0000000085700000, 0x0000000085800000, 0x0000000085800000|100%| E|CS|TAMS 0x0000000085700000| PB 0x0000000085700000| Complete 
|  88|0x0000000085800000, 0x0000000085900000, 0x0000000085900000|100%| E|CS|TAMS 0x0000000085800000| PB 0x0000000085800000| Complete 
|  89|0x0000000085900000, 0x0000000085a00000, 0x0000000085a00000|100%| E|CS|TAMS 0x0000000085900000| PB 0x0000000085900000| Complete 
| 107|0x0000000086b00000, 0x0000000086c00000, 0x0000000086c00000|100%| E|CS|TAMS 0x0000000086b00000| PB 0x0000000086b00000| Complete 
| 108|0x0000000086c00000, 0x0000000086d00000, 0x0000000086d00000|100%| E|CS|TAMS 0x0000000086c00000| PB 0x0000000086c00000| Complete 
| 125|0x0000000087d00000, 0x0000000087e00000, 0x0000000087e00000|100%| E|CS|TAMS 0x0000000087d00000| PB 0x0000000087d00000| Complete 
|2046|0x00000000ffe00000, 0x00000000fff00000, 0x00000000fff00000|100%| O|  |TAMS 0x00000000ffe00000| PB 0x00000000ffe00000| Untracked 
|2047|0x00000000fff00000, 0x0000000100000000, 0x0000000100000000|100%| O|Cm|TAMS 0x00000000fff00000| PB 0x00000000fff00000| Complete 

Card table byte_map: [0x0000016077260000,0x0000016077660000] _byte_map_base: 0x0000016076e60000

Marking Bits: (CMBitMap*) 0x000001605f705530
 Bits: [0x0000016077660000, 0x0000016079660000)

Polling page: 0x000001605d530000

Metaspace:

Usage:
  Non-class:     49.80 MB used.
      Class:      8.20 MB used.
       Both:     57.99 MB used.

Virtual space:
  Non-class space:       64.00 MB reserved,      50.69 MB ( 79%) committed,  1 nodes.
      Class space:        1.00 GB reserved,       9.06 MB ( <1%) committed,  1 nodes.
             Both:        1.06 GB reserved,      59.75 MB (  5%) committed. 

Chunk freelists:
   Non-Class:  12.41 MB
       Class:  6.95 MB
        Both:  19.36 MB

MaxMetaspaceSize: unlimited
CompressedClassSpaceSize: 1.00 GB
Initial GC threshold: 21.00 MB
Current GC threshold: 98.75 MB
CDS: on
 - commit_granule_bytes: 65536.
 - commit_granule_words: 8192.
 - virtual_space_node_default_size: 8388608.
 - enlarge_chunks_in_place: 1.
 - use_allocation_guard: 0.


Internal statistics:

num_allocs_failed_limit: 12.
num_arena_births: 3230.
num_arena_deaths: 0.
num_vsnodes_births: 2.
num_vsnodes_deaths: 0.
num_space_committed: 956.
num_space_uncommitted: 0.
num_chunks_returned_to_freelist: 12.
num_chunks_taken_from_freelist: 6010.
num_chunk_merges: 9.
num_chunk_splits: 3878.
num_chunks_enlarged: 2363.
num_inconsistent_stats: 0.

CodeHeap 'non-profiled nmethods': size=120000Kb used=3648Kb max_used=3930Kb free=116351Kb
 bounds [0x000001606f600000, 0x000001606f9e0000, 0x0000016076b30000]
CodeHeap 'profiled nmethods': size=120000Kb used=13565Kb max_used=13565Kb free=106435Kb
 bounds [0x0000016067b30000, 0x0000016068870000, 0x000001606f060000]
CodeHeap 'non-nmethods': size=5760Kb used=3029Kb max_used=3046Kb free=2730Kb
 bounds [0x000001606f060000, 0x000001606f370000, 0x000001606f600000]
 total_blobs=8094 nmethods=7197 adapters=801
 compilation: enabled
              stopped_count=0, restarted_count=0
 full_count=0

Compilation events (20 events):
Event: 77.878 Thread 0x000001607c0b96c0 7939       3       org.gradle.internal.watch.vfs.impl.WatchingVirtualFileSystem::updateNotifyingListeners (47 bytes)
Event: 77.881 Thread 0x000001607c0b96c0 nmethod 7939 0x000001606885eb10 code [0x000001606885eea0, 0x0000016068860838]
Event: 77.881 Thread 0x000001607c0b96c0 7940       3       org.gradle.internal.watch.registry.impl.SnapshotCollectingDiffListener::<init> (27 bytes)
Event: 77.882 Thread 0x000001607c0b96c0 nmethod 7940 0x0000016068861010 code [0x0000016068861200, 0x00000160688618a8]
Event: 77.882 Thread 0x000001607c0b96c0 7941       3       org.gradle.internal.watch.vfs.impl.WatchingVirtualFileSystem$$Lambda/0x0000016001419200::<init> (20 bytes)
Event: 77.882 Thread 0x000001607c0b96c0 nmethod 7941 0x0000016068861a90 code [0x0000016068861c40, 0x0000016068861ec0]
Event: 77.884 Thread 0x000001607c0b96c0 7943       3       org.gradle.internal.snapshot.SingletonChildMap::access$100 (7 bytes)
Event: 77.884 Thread 0x000001607c0b96c0 nmethod 7943 0x0000016068861f90 code [0x0000016068862140, 0x0000016068862260]
Event: 77.884 Thread 0x000001607c0b96c0 7944       3       org.gradle.internal.snapshot.SingletonChildMap::withReplacedChild (43 bytes)
Event: 77.885 Thread 0x000001607c0b96c0 nmethod 7944 0x0000016068862310 code [0x0000016068862500, 0x0000016068862940]
Event: 77.889 Thread 0x000001607c0b96c0 7945       3       org.gradle.internal.snapshot.SingletonChildMap::<init> (10 bytes)
Event: 77.890 Thread 0x000001607c0b96c0 nmethod 7945 0x0000016068862b10 code [0x0000016068862ca0, 0x0000016068862e58]
Event: 77.892 Thread 0x000001607c0b96c0 7946       3       com.google.common.collect.ImmutableSortedMap::<init> (8 bytes)
Event: 77.893 Thread 0x000001607c0b96c0 nmethod 7946 0x0000016068862f10 code [0x00000160688630c0, 0x0000016068863428]
Event: 77.893 Thread 0x000001607c0b96c0 7947       3       com.google.common.collect.ImmutableSortedMap::<init> (20 bytes)
Event: 77.893 Thread 0x000001607c0b96c0 nmethod 7947 0x0000016068863590 code [0x0000016068863740, 0x0000016068863a78]
Event: 77.893 Thread 0x000001607c0b96c0 7948       3       com.google.common.collect.ImmutableSortedMapFauxverideShim::<init> (5 bytes)
Event: 77.893 Thread 0x000001607c0b96c0 nmethod 7948 0x0000016068863b90 code [0x0000016068863d40, 0x0000016068863f08]
Event: 77.897 Thread 0x000001607c0b96c0 7949   !   3       sun.nio.ch.NativeThreadSet::remove (90 bytes)
Event: 77.898 Thread 0x000001607c0b96c0 nmethod 7949 0x0000016068864010 code [0x00000160688641c0, 0x00000160688644b8]

GC Heap History (20 events):
Event: 9.899 GC heap before
{Heap before GC invocations=4 (full 0):
 garbage-first heap   total 129024K, used 40376K [0x0000000080000000, 0x0000000100000000)
  region size 1024K, 27 young (27648K), 10 survivors (10240K)
 Metaspace       used 20852K, committed 21504K, reserved 1114112K
  class space    used 2989K, committed 3328K, reserved 1048576K
}
Event: 9.908 GC heap after
{Heap after GC invocations=5 (full 0):
 garbage-first heap   total 129024K, used 25422K [0x0000000080000000, 0x0000000100000000)
  region size 1024K, 2 young (2048K), 2 survivors (2048K)
 Metaspace       used 20852K, committed 21504K, reserved 1114112K
  class space    used 2989K, committed 3328K, reserved 1048576K
}
Event: 19.743 GC heap before
{Heap before GC invocations=6 (full 0):
 garbage-first heap   total 89088K, used 87886K [0x0000000080000000, 0x0000000100000000)
  region size 1024K, 64 young (65536K), 2 survivors (2048K)
 Metaspace       used 28904K, committed 29952K, reserved 1114112K
  class space    used 4255K, committed 4736K, reserved 1048576K
}
Event: 19.748 GC heap after
{Heap after GC invocations=7 (full 0):
 garbage-first heap   total 95232K, used 29696K [0x0000000080000000, 0x0000000100000000)
  region size 1024K, 6 young (6144K), 6 survivors (6144K)
 Metaspace       used 28904K, committed 29952K, reserved 1114112K
  class space    used 4255K, committed 4736K, reserved 1048576K
}
Event: 29.649 GC heap before
{Heap before GC invocations=7 (full 0):
 garbage-first heap   total 95232K, used 71680K [0x0000000080000000, 0x0000000100000000)
  region size 1024K, 48 young (49152K), 6 survivors (6144K)
 Metaspace       used 34630K, committed 35968K, reserved 1114112K
  class space    used 5125K, committed 5824K, reserved 1048576K
}
Event: 29.656 GC heap after
{Heap after GC invocations=8 (full 0):
 garbage-first heap   total 95232K, used 32667K [0x0000000080000000, 0x0000000100000000)
  region size 1024K, 4 young (4096K), 4 survivors (4096K)
 Metaspace       used 34630K, committed 35968K, reserved 1114112K
  class space    used 5125K, committed 5824K, reserved 1048576K
}
Event: 30.487 GC heap before
{Heap before GC invocations=8 (full 0):
 garbage-first heap   total 95232K, used 33691K [0x0000000080000000, 0x0000000100000000)
  region size 1024K, 6 young (6144K), 4 survivors (4096K)
 Metaspace       used 34996K, committed 36288K, reserved 1114112K
  class space    used 5164K, committed 5824K, reserved 1048576K
}
Event: 30.492 GC heap after
{Heap after GC invocations=9 (full 0):
 garbage-first heap   total 95232K, used 32800K [0x0000000080000000, 0x0000000100000000)
  region size 1024K, 4 young (4096K), 4 survivors (4096K)
 Metaspace       used 34996K, committed 36288K, reserved 1114112K
  class space    used 5164K, committed 5824K, reserved 1048576K
}
Event: 40.423 GC heap before
{Heap before GC invocations=10 (full 0):
 garbage-first heap   total 95232K, used 86048K [0x0000000080000000, 0x0000000100000000)
  region size 1024K, 52 young (53248K), 4 survivors (4096K)
 Metaspace       used 40848K, committed 42240K, reserved 1114112K
  class space    used 5731K, committed 6400K, reserved 1048576K
}
Event: 40.430 GC heap after
{Heap after GC invocations=11 (full 0):
 garbage-first heap   total 97280K, used 38360K [0x0000000080000000, 0x0000000100000000)
  region size 1024K, 7 young (7168K), 7 survivors (7168K)
 Metaspace       used 40848K, committed 42240K, reserved 1114112K
  class space    used 5731K, committed 6400K, reserved 1048576K
}
Event: 48.174 GC heap before
{Heap before GC invocations=11 (full 0):
 garbage-first heap   total 97280K, used 83416K [0x0000000080000000, 0x0000000100000000)
  region size 1024K, 51 young (52224K), 7 survivors (7168K)
 Metaspace       used 43591K, committed 45120K, reserved 1114112K
  class space    used 6161K, committed 6912K, reserved 1048576K
}
Event: 48.182 GC heap after
{Heap after GC invocations=12 (full 0):
 garbage-first heap   total 97280K, used 41121K [0x0000000080000000, 0x0000000100000000)
  region size 1024K, 3 young (3072K), 3 survivors (3072K)
 Metaspace       used 43591K, committed 45120K, reserved 1114112K
  class space    used 6161K, committed 6912K, reserved 1048576K
}
Event: 52.582 GC heap before
{Heap before GC invocations=12 (full 0):
 garbage-first heap   total 97280K, used 87201K [0x0000000080000000, 0x0000000100000000)
  region size 1024K, 46 young (47104K), 3 survivors (3072K)
 Metaspace       used 49954K, committed 51584K, reserved 1114112K
  class space    used 6983K, committed 7808K, reserved 1048576K
}
Event: 52.585 GC heap after
{Heap after GC invocations=13 (full 0):
 garbage-first heap   total 97280K, used 42091K [0x0000000080000000, 0x0000000100000000)
  region size 1024K, 4 young (4096K), 4 survivors (4096K)
 Metaspace       used 49954K, committed 51584K, reserved 1114112K
  class space    used 6983K, committed 7808K, reserved 1048576K
}
Event: 60.000 GC heap before
{Heap before GC invocations=13 (full 0):
 garbage-first heap   total 97280K, used 86123K [0x0000000080000000, 0x0000000100000000)
  region size 1024K, 47 young (48128K), 4 survivors (4096K)
 Metaspace       used 54940K, committed 56704K, reserved 1114112K
  class space    used 7756K, committed 8640K, reserved 1048576K
}
Event: 60.005 GC heap after
{Heap after GC invocations=14 (full 0):
 garbage-first heap   total 97280K, used 45395K [0x0000000080000000, 0x0000000100000000)
  region size 1024K, 5 young (5120K), 5 survivors (5120K)
 Metaspace       used 54940K, committed 56704K, reserved 1114112K
  class space    used 7756K, committed 8640K, reserved 1048576K
}
Event: 68.162 GC heap before
{Heap before GC invocations=14 (full 0):
 garbage-first heap   total 97280K, used 85331K [0x0000000080000000, 0x0000000100000000)
  region size 1024K, 44 young (45056K), 5 survivors (5120K)
 Metaspace       used 58378K, committed 60224K, reserved 1114112K
  class space    used 8288K, committed 9216K, reserved 1048576K
}
Event: 68.207 GC heap after
{Heap after GC invocations=15 (full 0):
 garbage-first heap   total 97280K, used 48667K [0x0000000080000000, 0x0000000100000000)
  region size 1024K, 6 young (6144K), 6 survivors (6144K)
 Metaspace       used 58378K, committed 60224K, reserved 1114112K
  class space    used 8288K, committed 9216K, reserved 1048576K
}
Event: 74.289 GC heap before
{Heap before GC invocations=15 (full 0):
 garbage-first heap   total 97280K, used 59931K [0x0000000080000000, 0x0000000100000000)
  region size 1024K, 18 young (18432K), 6 survivors (6144K)
 Metaspace       used 58832K, committed 60608K, reserved 1114112K
  class space    used 8315K, committed 9216K, reserved 1048576K
}
Event: 74.351 GC heap after
{Heap after GC invocations=16 (full 0):
 garbage-first heap   total 97280K, used 50602K [0x0000000080000000, 0x0000000100000000)
  region size 1024K, 5 young (5120K), 5 survivors (5120K)
 Metaspace       used 58832K, committed 60608K, reserved 1114112K
  class space    used 8315K, committed 9216K, reserved 1048576K
}

Dll operation events (15 events):
Event: 0.034 Loaded shared library C:\jdk-21\bin\java.dll
Event: 0.073 Loaded shared library C:\jdk-21\bin\jsvml.dll
Event: 0.178 Loaded shared library C:\jdk-21\bin\zip.dll
Event: 0.198 Loaded shared library C:\jdk-21\bin\instrument.dll
Event: 0.217 Loaded shared library C:\jdk-21\bin\net.dll
Event: 0.221 Loaded shared library C:\jdk-21\bin\nio.dll
Event: 0.227 Loaded shared library C:\jdk-21\bin\zip.dll
Event: 0.670 Loaded shared library C:\jdk-21\bin\jimage.dll
Event: 1.085 Loaded shared library C:\jdk-21\bin\verify.dll
Event: 2.146 Loaded shared library C:\Users\DELL\.gradle\native\c067742578af261105cb4f569cf0c3c89f3d7b1fecec35dd04571415982c5e48\windows-amd64\native-platform.dll
Event: 2.262 Loaded shared library C:\Users\DELL\.gradle\native\100fb08df4bc3b14c8652ba06237920a3bd2aa13389f12d3474272988ae205f9\windows-amd64\native-platform-file-events.dll
Event: 5.006 Loaded shared library C:\jdk-21\bin\management.dll
Event: 5.017 Loaded shared library C:\jdk-21\bin\management_ext.dll
Event: 5.556 Loaded shared library C:\jdk-21\bin\extnet.dll
Event: 5.881 Loaded shared library C:\jdk-21\bin\sunmscapi.dll

Deoptimization events (20 events):
Event: 76.835 Thread 0x0000016046bf66b0 Uncommon trap: trap_request=0xffffff45 fr.pc=0x000001606f8344d0 relative=0x0000000000000210
Event: 76.835 Thread 0x0000016046bf66b0 Uncommon trap: reason=unstable_if action=reinterpret pc=0x000001606f8344d0 method=java.lang.invoke.MethodType.equals(Ljava/lang/Object;)Z @ 11 c2
Event: 76.835 Thread 0x0000016046bf66b0 DEOPT PACKING pc=0x000001606f8344d0 sp=0x0000003b0ecfd2c0
Event: 76.835 Thread 0x0000016046bf66b0 DEOPT UNPACKING pc=0x000001606f0b7da2 sp=0x0000003b0ecfd288 mode 2
Event: 76.835 Thread 0x0000016046bf66b0 Uncommon trap: trap_request=0xffffff54 fr.pc=0x000001606f73893c relative=0x00000000000011bc
Event: 76.836 Thread 0x0000016046bf66b0 Uncommon trap: reason=speculate_null_assert action=make_not_entrant pc=0x000001606f73893c method=java.lang.invoke.MethodType$ConcurrentWeakInternSet.add(Ljava/lang/Object;)Ljava/lang/Object; @ 47 c2
Event: 76.837 Thread 0x0000016046bf66b0 DEOPT PACKING pc=0x000001606f73893c sp=0x0000003b0ecfd4b0
Event: 76.837 Thread 0x0000016046bf66b0 DEOPT UNPACKING pc=0x000001606f0b7da2 sp=0x0000003b0ecfd458 mode 2
Event: 77.484 Thread 0x0000016046bf6d40 Uncommon trap: trap_request=0xffffff45 fr.pc=0x000001606f7907ac relative=0x00000000000007cc
Event: 77.484 Thread 0x0000016046bf6d40 Uncommon trap: reason=unstable_if action=reinterpret pc=0x000001606f7907ac method=java.util.concurrent.ConcurrentHashMap.addCount(JI)V @ 34 c2
Event: 77.484 Thread 0x0000016046bf6d40 DEOPT PACKING pc=0x000001606f7907ac sp=0x0000003b0edfd720
Event: 77.484 Thread 0x0000016046bf6d40 DEOPT UNPACKING pc=0x000001606f0b7da2 sp=0x0000003b0edfd5d8 mode 2
Event: 77.487 Thread 0x0000016046bf66b0 Uncommon trap: trap_request=0xffffff45 fr.pc=0x000001606f6c4d88 relative=0x0000000000000148
Event: 77.487 Thread 0x0000016046bfbc00 Uncommon trap: trap_request=0xffffff45 fr.pc=0x000001606f6c4d88 relative=0x0000000000000148
Event: 77.487 Thread 0x0000016046bf66b0 Uncommon trap: reason=unstable_if action=reinterpret pc=0x000001606f6c4d88 method=java.util.concurrent.ConcurrentHashMap.addCount(JI)V @ 7 c2
Event: 77.487 Thread 0x0000016046bfbc00 Uncommon trap: reason=unstable_if action=reinterpret pc=0x000001606f6c4d88 method=java.util.concurrent.ConcurrentHashMap.addCount(JI)V @ 7 c2
Event: 77.487 Thread 0x0000016046bf66b0 DEOPT PACKING pc=0x000001606f6c4d88 sp=0x0000003b0ecfe470
Event: 77.487 Thread 0x0000016046bfbc00 DEOPT PACKING pc=0x000001606f6c4d88 sp=0x0000003b0ebfe230
Event: 77.487 Thread 0x0000016046bf66b0 DEOPT UNPACKING pc=0x000001606f0b7da2 sp=0x0000003b0ecfe3d0 mode 2
Event: 77.487 Thread 0x0000016046bfbc00 DEOPT UNPACKING pc=0x000001606f0b7da2 sp=0x0000003b0ebfe190 mode 2

Classes loaded (20 events):
Event: 60.409 Loading class java/lang/StringCustomizer
Event: 60.409 Loading class java/lang/StringCustomizer done
Event: 60.444 Loading class java/io/FileBeanInfo
Event: 60.444 Loading class java/io/FileBeanInfo done
Event: 60.447 Loading class java/io/FileBeanInfo
Event: 60.447 Loading class java/io/FileBeanInfo done
Event: 60.447 Loading class java/io/FileCustomizer
Event: 60.447 Loading class java/io/FileCustomizer done
Event: 60.451 Loading class java/io/FileCustomizer
Event: 60.451 Loading class java/io/FileCustomizer done
Event: 62.674 Loading class sun/reflect/ReflectionFactory
Event: 62.676 Loading class sun/reflect/ReflectionFactory done
Event: 62.676 Loading class sun/reflect/ReflectionFactory$1
Event: 62.676 Loading class sun/reflect/ReflectionFactory$1 done
Event: 70.914 Loading class java/util/Collections$ReverseComparator
Event: 70.915 Loading class java/util/Collections$ReverseComparator done
Event: 70.916 Loading class java/util/Collections$ReverseComparator2
Event: 70.916 Loading class java/util/Collections$ReverseComparator2 done
Event: 73.615 Loading class java/util/LinkedList$LLSpliterator
Event: 73.620 Loading class java/util/LinkedList$LLSpliterator done

Classes unloaded (0 events):
No events

Classes redefined (0 events):
No events

Internal exceptions (20 events):
Event: 60.589 Thread 0x000001607c5828b0 Exception <a 'java/lang/ClassNotFoundException'{0x00000000851fbc60}: org/gradle/plugins/ide/eclipse/model/EclipseModel_DecoratedCustomizer> (0x00000000851fbc60) 
thrown [s\open\src\hotspot\share\classfile\systemDictionary.cpp, line 312]
Event: 60.636 Thread 0x000001607c5828b0 Exception <a 'java/lang/ClassNotFoundException'{0x000000008507e7d8}: org/gradle/plugins/ide/eclipse/model/EclipseProject_DecoratedBeanInfo> (0x000000008507e7d8) 
thrown [s\open\src\hotspot\share\classfile\systemDictionary.cpp, line 312]
Event: 60.641 Thread 0x000001607c5828b0 Exception <a 'java/lang/ClassNotFoundException'{0x00000000850928a0}: org/gradle/plugins/ide/eclipse/model/EclipseProjectBeanInfo> (0x00000000850928a0) 
thrown [s\open\src\hotspot\share\classfile\systemDictionary.cpp, line 312]
Event: 60.677 Thread 0x000001607c5828b0 Exception <a 'java/lang/ClassNotFoundException'{0x00000000850a6178}: org/gradle/plugins/ide/eclipse/model/EclipseProjectCustomizer> (0x00000000850a6178) 
thrown [s\open\src\hotspot\share\classfile\systemDictionary.cpp, line 312]
Event: 60.708 Thread 0x000001607c5828b0 Exception <a 'java/lang/ClassNotFoundException'{0x00000000850d6d20}: org/gradle/plugins/ide/eclipse/model/EclipseProject_DecoratedCustomizer> (0x00000000850d6d20) 
thrown [s\open\src\hotspot\share\classfile\systemDictionary.cpp, line 312]
Event: 61.067 Thread 0x000001607c582220 Exception <a 'java/lang/NoSuchMethodError'{0x0000000084e86510}: static Lorg/gradle/internal/build/event/types/DefaultProjectConfigurationDescriptor;.<clinit>()V> (0x0000000084e86510) 
thrown [s\open\src\hotspot\share\prims\jni.cpp, line 1111]
Event: 61.606 Thread 0x000001607c5828b0 Exception <a 'java/lang/NoSuchMethodError'{0x000000008481bb10}: 'void java.lang.invoke.DirectMethodHandle$Holder.invokeStatic(java.lang.Object, java.lang.Object, java.lang.Object, java.lang.Object, java.lang.Object, java.lang.Object)'> (0x000000008481bb10) 
thrown [s\open\src\hotspot\share\interpreter\linkResolver.cpp, line 773]
Event: 62.596 Thread 0x000001607c5828b0 Exception <a 'java/lang/NoSuchMethodError'{0x00000000844124f8}: static Lorg/gradle/api/internal/catalog/DefaultVersionCatalog;.<clinit>()V> (0x00000000844124f8) 
thrown [s\open\src\hotspot\share\prims\jni.cpp, line 1111]
Event: 62.624 Thread 0x000001607c5828b0 Exception <a 'java/lang/NoSuchMethodError'{0x0000000084465a10}: static [Ljava/lang/Object;.<clinit>()V> (0x0000000084465a10) 
thrown [s\open\src\hotspot\share\prims\jni.cpp, line 1111]
Event: 62.629 Thread 0x000001607c5828b0 Exception <a 'java/lang/NoSuchMethodError'{0x000000008448d318}: static Lorg/gradle/api/internal/catalog/DependencyModel;.<clinit>()V> (0x000000008448d318) 
thrown [s\open\src\hotspot\share\prims\jni.cpp, line 1111]
Event: 62.629 Thread 0x000001607c5828b0 Exception <a 'java/lang/NoSuchMethodError'{0x00000000844913e0}: static Lorg/gradle/api/internal/catalog/AbstractContextAwareModel;.<clinit>()V> (0x00000000844913e0) 
thrown [s\open\src\hotspot\share\prims\jni.cpp, line 1111]
Event: 62.636 Thread 0x000001607c5828b0 Exception <a 'java/lang/NoSuchMethodError'{0x00000000844aaf48}: static Lorg/gradle/api/internal/artifacts/dependencies/AbstractVersionConstraint;.<clinit>()V> (0x00000000844aaf48) 
thrown [s\open\src\hotspot\share\prims\jni.cpp, line 1111]
Event: 62.651 Thread 0x000001607c5828b0 Exception <a 'java/lang/NoSuchMethodError'{0x00000000844fc1c8}: static Lorg/gradle/api/internal/catalog/PluginModel;.<clinit>()V> (0x00000000844fc1c8) 
thrown [s\open\src\hotspot\share\prims\jni.cpp, line 1111]
Event: 62.653 Thread 0x000001607c5828b0 Exception <a 'java/lang/NoSuchMethodError'{0x0000000084313db0}: static Lorg/gradle/api/internal/catalog/VersionModel;.<clinit>()V> (0x0000000084313db0) 
thrown [s\open\src\hotspot\share\prims\jni.cpp, line 1111]
Event: 63.713 Thread 0x000001607c5828b0 Exception <a 'java/lang/NoSuchMethodError'{0x0000000083f41a20}: 'int java.lang.invoke.DirectMethodHandle$Holder.invokeSpecialIFC(java.lang.Object, java.lang.Object, java.lang.Object)'> (0x0000000083f41a20) 
thrown [s\open\src\hotspot\share\interpreter\linkResolver.cpp, line 773]
Event: 65.080 Thread 0x000001607c5828b0 Exception <a 'java/lang/NoSuchMethodError'{0x0000000083cd9730}: 'java.lang.Object java.lang.invoke.DirectMethodHandle$Holder.invokeSpecial(java.lang.Object, java.lang.Object, java.lang.Object, java.lang.Object, java.lang.Object, long)'> (0x0000000083cd9730) 
thrown [s\open\src\hotspot\share\interpreter\linkResolver.cpp, line 773]
Event: 65.086 Thread 0x000001607c5828b0 Exception <a 'java/lang/NoSuchMethodError'{0x0000000083cf8e40}: 'void java.lang.invoke.DirectMethodHandle$Holder.invokeStatic(java.lang.Object, java.lang.Object, java.lang.Object, int, java.lang.Object)'> (0x0000000083cf8e40) 
thrown [s\open\src\hotspot\share\interpreter\linkResolver.cpp, line 773]
Event: 73.626 Thread 0x000001607c5828b0 Exception <a 'java/lang/IncompatibleClassChangeError'{0x000000008557c480}: Found class java.lang.Object, but interface was expected> (0x000000008557c480) 
thrown [s\open\src\hotspot\share\interpreter\linkResolver.cpp, line 840]
Event: 76.390 Thread 0x000001607c5828b0 Exception <a 'java/lang/NoSuchMethodError'{0x0000000085876478}: 'java.lang.Object java.lang.invoke.DirectMethodHandle$Holder.newInvokeSpecial(java.lang.Object, java.lang.Object, java.lang.Object, java.lang.Object, int, java.lang.Object)'> (0x0000000085876478) 
thrown [s\open\src\hotspot\share\interpreter\linkResolver.cpp, line 773]
Event: 76.391 Thread 0x000001607c5828b0 Exception <a 'java/lang/NoSuchMethodError'{0x000000008587ec48}: 'java.lang.Object java.lang.invoke.Invokers$Holder.linkToTargetMethod(java.lang.Object, java.lang.Object, java.lang.Object, int, java.lang.Object, java.lang.Object)'> (0x000000008587ec48) 
thrown [s\open\src\hotspot\share\interpreter\linkResolver.cpp, line 773]

ZGC Phase Switch (0 events):
No events

VM Operations (20 events):
Event: 71.240 Executing VM operation: Cleanup
Event: 71.240 Executing VM operation: Cleanup done
Event: 72.242 Executing VM operation: Cleanup
Event: 72.242 Executing VM operation: Cleanup done
Event: 73.189 Executing VM operation: HandshakeAllThreads (Deoptimize)
Event: 73.189 Executing VM operation: HandshakeAllThreads (Deoptimize) done
Event: 74.197 Executing VM operation: Cleanup
Event: 74.197 Executing VM operation: Cleanup done
Event: 74.289 Executing VM operation: CollectForMetadataAllocation (Metadata GC Threshold)
Event: 74.358 Executing VM operation: CollectForMetadataAllocation (Metadata GC Threshold) done
Event: 74.439 Executing VM operation: G1PauseRemark
Event: 74.453 Executing VM operation: G1PauseRemark done
Event: 74.476 Executing VM operation: G1PauseCleanup
Event: 74.493 Executing VM operation: G1PauseCleanup done
Event: 75.509 Executing VM operation: Cleanup
Event: 75.509 Executing VM operation: Cleanup done
Event: 76.514 Executing VM operation: Cleanup
Event: 76.515 Executing VM operation: Cleanup done
Event: 77.525 Executing VM operation: Cleanup
Event: 77.546 Executing VM operation: Cleanup done

Events (20 events):
Event: 74.451 Thread 0x000001607c0792a0 flushing nmethod 0x0000016067ec6a10
Event: 74.451 Thread 0x000001607c0792a0 flushing nmethod 0x0000016067ec7390
Event: 74.451 Thread 0x000001607c0792a0 flushing nmethod 0x0000016067ecaf90
Event: 74.451 Thread 0x000001607c0792a0 flushing nmethod 0x0000016067ee3510
Event: 74.451 Thread 0x000001607c0792a0 flushing nmethod 0x0000016067ee4410
Event: 74.451 Thread 0x000001607c0792a0 flushing nmethod 0x0000016067ee7010
Event: 74.451 Thread 0x000001607c0792a0 flushing nmethod 0x0000016067eea990
Event: 74.451 Thread 0x000001607c0792a0 flushing nmethod 0x000001606803b690
Event: 74.451 Thread 0x000001607c0792a0 flushing nmethod 0x000001606810f390
Event: 74.451 Thread 0x000001607c0792a0 flushing nmethod 0x00000160681c2010
Event: 74.451 Thread 0x000001607c0792a0 flushing nmethod 0x00000160681c3810
Event: 74.451 Thread 0x000001607c0792a0 flushing nmethod 0x000001606820f110
Event: 74.451 Thread 0x000001607c0792a0 flushing nmethod 0x0000016068272890
Event: 76.610 Thread 0x0000016046bfa850 Thread added: 0x0000016046bfa850
Event: 76.626 Thread 0x0000016046bfbc00 Thread added: 0x0000016046bfbc00
Event: 76.673 Thread 0x0000016046bf66b0 Thread added: 0x0000016046bf66b0
Event: 76.681 Thread 0x0000016046bf6d40 Thread added: 0x0000016046bf6d40
Event: 76.685 Thread 0x0000016046bf7a60 Thread added: 0x0000016046bf7a60
Event: 76.691 Thread 0x000001607e0a28c0 Thread added: 0x000001607e0a28c0
Event: 76.772 Thread 0x000001607e0a56b0 Thread added: 0x000001607e0a56b0


Dynamic libraries:
0x00007ff664120000 - 0x00007ff664130000 	C:\jdk-21\bin\java.exe
0x00007ffaaf3b0000 - 0x00007ffaaf5a8000 	C:\Windows\SYSTEM32\ntdll.dll
0x00007ffaae9f0000 - 0x00007ffaaeab2000 	C:\Windows\System32\KERNEL32.DLL
0x00007ffaaced0000 - 0x00007ffaad1cf000 	C:\Windows\System32\KERNELBASE.dll
0x00007ffaaccd0000 - 0x00007ffaacdd0000 	C:\Windows\System32\ucrtbase.dll
0x00007ffaa7f60000 - 0x00007ffaa7f79000 	C:\jdk-21\bin\jli.dll
0x00007ffaa8760000 - 0x00007ffaa877b000 	C:\jdk-21\bin\VCRUNTIME140.dll
0x00007ffaaeff0000 - 0x00007ffaaf09f000 	C:\Windows\System32\ADVAPI32.dll
0x00007ffaaeae0000 - 0x00007ffaaeb7e000 	C:\Windows\System32\msvcrt.dll
0x00007ffaaeee0000 - 0x00007ffaaef7f000 	C:\Windows\System32\sechost.dll
0x00007ffaae530000 - 0x00007ffaae653000 	C:\Windows\System32\RPCRT4.dll
0x00007ffaacae0000 - 0x00007ffaacb07000 	C:\Windows\System32\bcrypt.dll
0x00007ffaaf0d0000 - 0x00007ffaaf26d000 	C:\Windows\System32\USER32.dll
0x00007ffaacca0000 - 0x00007ffaaccc2000 	C:\Windows\System32\win32u.dll
0x00007ffa99230000 - 0x00007ffa994ca000 	C:\Windows\WinSxS\amd64_microsoft.windows.common-controls_6595b64144ccf1df_6.0.19041.4355_none_60b8b9eb71f62e16\COMCTL32.dll
0x00007ffaae6c0000 - 0x00007ffaae6eb000 	C:\Windows\System32\GDI32.dll
0x00007ffaacb10000 - 0x00007ffaacc2a000 	C:\Windows\System32\gdi32full.dll
0x00007ffaad330000 - 0x00007ffaad3cd000 	C:\Windows\System32\msvcp_win.dll
0x00007ffaa5080000 - 0x00007ffaa508a000 	C:\Windows\SYSTEM32\VERSION.dll
0x00007ffaaf0a0000 - 0x00007ffaaf0cf000 	C:\Windows\System32\IMM32.DLL
0x00007ffaa8c70000 - 0x00007ffaa8c7c000 	C:\jdk-21\bin\vcruntime140_1.dll
0x00007ffa93710000 - 0x00007ffa9379e000 	C:\jdk-21\bin\msvcp140.dll
0x00007ffa74fa0000 - 0x00007ffa75cb3000 	C:\jdk-21\bin\server\jvm.dll
0x00007ffaae850000 - 0x00007ffaae8bb000 	C:\Windows\System32\WS2_32.dll
0x00007ffaabfe0000 - 0x00007ffaac02b000 	C:\Windows\SYSTEM32\POWRPROF.dll
0x00007ffaa0860000 - 0x00007ffaa0887000 	C:\Windows\SYSTEM32\WINMM.dll
0x00007ffaabe50000 - 0x00007ffaabe62000 	C:\Windows\SYSTEM32\UMPDC.dll
0x00007ffaab270000 - 0x00007ffaab282000 	C:\Windows\SYSTEM32\kernel.appcore.dll
0x00007ffaa7f50000 - 0x00007ffaa7f5a000 	C:\jdk-21\bin\jimage.dll
0x00007ffaaa7b0000 - 0x00007ffaaa994000 	C:\Windows\SYSTEM32\DBGHELP.DLL
0x00007ffa95690000 - 0x00007ffa956c4000 	C:\Windows\SYSTEM32\dbgcore.DLL
0x00007ffaaca50000 - 0x00007ffaacad2000 	C:\Windows\System32\bcryptPrimitives.dll
0x00007ffaa7e40000 - 0x00007ffaa7e4f000 	C:\jdk-21\bin\instrument.dll
0x00007ffaa7e20000 - 0x00007ffaa7e3f000 	C:\jdk-21\bin\java.dll
0x00007ffaada70000 - 0x00007ffaae1dd000 	C:\Windows\System32\SHELL32.dll
0x00007ffaaaab0000 - 0x00007ffaab254000 	C:\Windows\SYSTEM32\windows.storage.dll
0x00007ffaaeb80000 - 0x00007ffaaeed5000 	C:\Windows\System32\combase.dll
0x00007ffaac480000 - 0x00007ffaac4af000 	C:\Windows\SYSTEM32\Wldp.dll
0x00007ffaae8c0000 - 0x00007ffaae98d000 	C:\Windows\System32\OLEAUT32.dll
0x00007ffaae7a0000 - 0x00007ffaae84d000 	C:\Windows\System32\SHCORE.dll
0x00007ffaaef80000 - 0x00007ffaaefd5000 	C:\Windows\System32\shlwapi.dll
0x00007ffaac980000 - 0x00007ffaac9a4000 	C:\Windows\SYSTEM32\profapi.dll
0x00007ffa7c7b0000 - 0x00007ffa7c887000 	C:\jdk-21\bin\jsvml.dll
0x00007ffaa5810000 - 0x00007ffaa5828000 	C:\jdk-21\bin\zip.dll
0x00007ffaa7e10000 - 0x00007ffaa7e20000 	C:\jdk-21\bin\net.dll
0x00007ffaa4f40000 - 0x00007ffaa504a000 	C:\Windows\SYSTEM32\WINHTTP.dll
0x00007ffaac1e0000 - 0x00007ffaac24c000 	C:\Windows\system32\mswsock.dll
0x00007ffa9a6f0000 - 0x00007ffa9a706000 	C:\jdk-21\bin\nio.dll
0x00007ffaa7b80000 - 0x00007ffaa7b90000 	C:\jdk-21\bin\verify.dll
0x00007ffa398d0000 - 0x00007ffa398f7000 	C:\Users\DELL\.gradle\native\c067742578af261105cb4f569cf0c3c89f3d7b1fecec35dd04571415982c5e48\windows-amd64\native-platform.dll
0x00007ffa2fff0000 - 0x00007ffa30134000 	C:\Users\DELL\.gradle\native\100fb08df4bc3b14c8652ba06237920a3bd2aa13389f12d3474272988ae205f9\windows-amd64\native-platform-file-events.dll
0x00007ffaa8a60000 - 0x00007ffaa8a6a000 	C:\jdk-21\bin\management.dll
0x00007ffaa8a50000 - 0x00007ffaa8a5b000 	C:\jdk-21\bin\management_ext.dll
0x00007ffaaefe0000 - 0x00007ffaaefe8000 	C:\Windows\System32\PSAPI.DLL
0x00007ffaac3e0000 - 0x00007ffaac3f8000 	C:\Windows\SYSTEM32\CRYPTSP.dll
0x00007ffaaba90000 - 0x00007ffaabac4000 	C:\Windows\system32\rsaenh.dll
0x00007ffaac940000 - 0x00007ffaac96e000 	C:\Windows\SYSTEM32\USERENV.dll
0x00007ffaac3d0000 - 0x00007ffaac3dc000 	C:\Windows\SYSTEM32\CRYPTBASE.dll
0x00007ffaabe70000 - 0x00007ffaabeab000 	C:\Windows\SYSTEM32\IPHLPAPI.DLL
0x00007ffaaf300000 - 0x00007ffaaf308000 	C:\Windows\System32\NSI.dll
0x00007ffaa8a40000 - 0x00007ffaa8a49000 	C:\jdk-21\bin\extnet.dll
0x00007ffaa8a30000 - 0x00007ffaa8a3e000 	C:\jdk-21\bin\sunmscapi.dll
0x00007ffaad1d0000 - 0x00007ffaad32c000 	C:\Windows\System32\CRYPT32.dll
0x00007ffaac4f0000 - 0x00007ffaac517000 	C:\Windows\SYSTEM32\ncrypt.dll
0x00007ffaac4b0000 - 0x00007ffaac4eb000 	C:\Windows\SYSTEM32\NTASN1.dll
0x00007ffa7b830000 - 0x00007ffa7b837000 	C:\Windows\system32\wshunix.dll

dbghelp: loaded successfully - version: 4.0.5 - missing functions: none
symbol engine: initialized successfully - sym options: 0x614 - pdb path: .;C:\jdk-21\bin;C:\Windows\SYSTEM32;C:\Windows\WinSxS\amd64_microsoft.windows.common-controls_6595b64144ccf1df_6.0.19041.4355_none_60b8b9eb71f62e16;C:\jdk-21\bin\server;C:\Users\DELL\.gradle\native\c067742578af261105cb4f569cf0c3c89f3d7b1fecec35dd04571415982c5e48\windows-amd64;C:\Users\DELL\.gradle\native\100fb08df4bc3b14c8652ba06237920a3bd2aa13389f12d3474272988ae205f9\windows-amd64

VM Arguments:
jvm_args: --add-opens=java.base/java.util=ALL-UNNAMED --add-opens=java.base/java.lang=ALL-UNNAMED --add-opens=java.base/java.lang.invoke=ALL-UNNAMED --add-opens=java.prefs/java.util.prefs=ALL-UNNAMED --add-exports=jdk.compiler/com.sun.tools.javac.api=ALL-UNNAMED --add-exports=jdk.compiler/com.sun.tools.javac.util=ALL-UNNAMED --add-opens=java.base/java.nio.charset=ALL-UNNAMED --add-opens=java.base/java.net=ALL-UNNAMED --add-opens=java.base/java.util.concurrent.atomic=ALL-UNNAMED -Xmx2048m -Dfile.encoding=UTF-8 -Duser.country=US -Duser.language=en -Duser.variant -javaagent:C:\Users\DELL\.gradle\wrapper\dists\gradle-8.10.2-bin\a04bxjujx95o3nb99gddekhwo\gradle-8.10.2\lib\agents\gradle-instrumentation-agent-8.10.2.jar 
java_command: org.gradle.launcher.daemon.bootstrap.GradleDaemon 8.10.2
java_class_path (initial): C:\Users\DELL\.gradle\wrapper\dists\gradle-8.10.2-bin\a04bxjujx95o3nb99gddekhwo\gradle-8.10.2\lib\gradle-daemon-main-8.10.2.jar
Launcher Type: SUN_STANDARD

[Global flags]
     intx CICompilerCount                          = 4                                         {product} {ergonomic}
     uint ConcGCThreads                            = 2                                         {product} {ergonomic}
     uint G1ConcRefinementThreads                  = 8                                         {product} {ergonomic}
   size_t G1HeapRegionSize                         = 1048576                                   {product} {ergonomic}
    uintx GCDrainStackTargetSize                   = 64                                        {product} {ergonomic}
   size_t InitialHeapSize                          = 132120576                                 {product} {ergonomic}
   size_t MarkStackSize                            = 4194304                                   {product} {ergonomic}
   size_t MaxHeapSize                              = 2147483648                                {product} {command line}
   size_t MaxNewSize                               = 1287651328                                {product} {ergonomic}
   size_t MinHeapDeltaBytes                        = 1048576                                   {product} {ergonomic}
   size_t MinHeapSize                              = 8388608                                   {product} {ergonomic}
    uintx NonNMethodCodeHeapSize                   = 5839372                                {pd product} {ergonomic}
    uintx NonProfiledCodeHeapSize                  = 122909434                              {pd product} {ergonomic}
    uintx ProfiledCodeHeapSize                     = 122909434                              {pd product} {ergonomic}
    uintx ReservedCodeCacheSize                    = 251658240                              {pd product} {ergonomic}
     bool SegmentedCodeCache                       = true                                      {product} {ergonomic}
   size_t SoftMaxHeapSize                          = 2147483648                             {manageable} {ergonomic}
     bool UseCompressedOops                        = true                           {product lp64_product} {ergonomic}
     bool UseG1GC                                  = true                                      {product} {ergonomic}
     bool UseLargePagesIndividualAllocation        = false                                  {pd product} {ergonomic}

Logging:
Log output configuration:
 #0: stdout all=warning uptime,level,tags foldmultilines=false
 #1: stderr all=off uptime,level,tags foldmultilines=false

Environment Variables:
JAVA_HOME=C:\jdk-21
PATH=C:\Program Files\Common Files\Oracle\Java\javapath;C:\Windows\system32;C:\Windows;C:\Windows\System32\Wbem;C:\Windows\System32\WindowsPowerShell\v1.0\;C:\Windows\System32\OpenSSH\;C:\Program Files (x86)\NVIDIA Corporation\PhysX\Common;C:\Program Files\PuTTY\;C:\Program Files\Common Files\Autodesk Shared\;C:\Program Files\Microsoft SQL Server\150\Tools\Binn\;C:\Program Files\dotnet\;C:\Program Files\nodejs\;C:\Program Files\Git\cmd;C:\jdk-21\bin;C:\Users\DELL\AppData\Local\Programs\Python\Launcher\;C:\Program Files\MySQL\MySQL Shell 8.0\bin\;C:\Users\DELL\AppData\Local\Microsoft\WindowsApps;;C:\Users\DELL\AppData\Local\Programs\Microsoft VS Code\bin;C:\Users\DELL\AppData\Roaming\npm
USERNAME=DELL
OS=Windows_NT
PROCESSOR_IDENTIFIER=Intel64 Family 6 Model 126 Stepping 5, GenuineIntel
TMP=C:\Users\DELL\AppData\Local\Temp
TEMP=C:\Users\DELL\AppData\Local\Temp




Periodic native trim disabled

---------------  S Y S T E M  ---------------

OS:
 Windows 10 , 64 bit Build 19041 (10.0.19041.5438)
OS uptime: 3 days 22:04 hours

CPU: total 8 (initial active 8) (4 cores per cpu, 2 threads per core) family 6 model 126 stepping 5 microcode 0xc2, cx8, cmov, fxsr, ht, mmx, 3dnowpref, sse, sse2, sse3, ssse3, sse4.1, sse4.2, popcnt, lzcnt, tsc, tscinvbit, avx, avx2, aes, erms, clmul, bmi1, bmi2, adx, avx512f, avx512dq, avx512cd, avx512bw, avx512vl, sha, fma, vzeroupper, avx512_vpopcntdq, avx512_vpclmulqdq, avx512_vaes, avx512_vnni, clflush, clflushopt, avx512_vbmi2, avx512_vbmi, rdtscp, rdpid, fsrm, gfni, avx512_bitalg, f16c, pku, avx512_ifma
Processor Information for all 8 processors :
  Max Mhz: 1190, Current Mhz: 991, Mhz Limit: 987

Memory: 4k page, system-wide physical 7959M (138M free)
TotalPageFile size 22190M (AvailPageFile size 10M)
current process WorkingSet (physical memory assigned to process): 233M, peak: 272M
current process commit charge ("private bytes"): 327M, peak: 328M

vm_info: Java HotSpot(TM) 64-Bit Server VM (21.0.4+8-LTS-274) for windows-amd64 JRE (21.0.4+8-LTS-274), built on 2024-06-05T05:23:33Z by "mach5one" with MS VC++ 17.6 (VS2022)

END.
