#
# There is insufficient memory for the Java Runtime Environment to continue.
# Native memory allocation (malloc) failed to allocate 1514896 bytes for Chunk::new
# Possible reasons:
#   The system is out of physical RAM or swap space
#   The process is running with CompressedOops enabled, and the Java Heap may be blocking the growth of the native heap
# Possible solutions:
#   Reduce memory load on the system
#   Increase physical memory or swap space
#   Check if swap backing store is full
#   Decrease Java heap size (-Xmx/-Xms)
#   Decrease number of Java threads
#   Decrease Java thread stack sizes (-Xss)
#   Set larger code cache with -XX:ReservedCodeCacheSize=
#   JVM is running with Unscaled Compressed Oops mode in which the Java heap is
#     placed in the first 4GB address space. The Java Heap base address is the
#     maximum limit for the native heap growth. Please use -XX:HeapBaseMinAddress
#     to set the Java Heap base and to place the Java Heap above 4GB virtual address.
# This output file may be truncated or incomplete.
#
#  Out of Memory Error (arena.cpp:168), pid=26496, tid=26840
#
# JRE version: Java(TM) SE Runtime Environment (21.0.4+8) (build 21.0.4+8-LTS-274)
# Java VM: Java HotSpot(TM) 64-Bit Server VM (21.0.4+8-LTS-274, mixed mode, sharing, tiered, compressed oops, compressed class ptrs, g1 gc, windows-amd64)
# No core dump will be written. Minidumps are not enabled by default on client versions of Windows
#

---------------  S U M M A R Y ------------

Command Line: --add-opens=java.base/java.util=ALL-UNNAMED --add-opens=java.base/java.lang=ALL-UNNAMED --add-opens=java.base/java.lang.invoke=ALL-UNNAMED --add-opens=java.prefs/java.util.prefs=ALL-UNNAMED --add-exports=jdk.compiler/com.sun.tools.javac.api=ALL-UNNAMED --add-exports=jdk.compiler/com.sun.tools.javac.util=ALL-UNNAMED --add-opens=java.base/java.nio.charset=ALL-UNNAMED --add-opens=java.base/java.net=ALL-UNNAMED --add-opens=java.base/java.util.concurrent.atomic=ALL-UNNAMED -Xmx2048m -Dfile.encoding=UTF-8 -Duser.country=US -Duser.language=en -Duser.variant -javaagent:C:\Users\DELL\.gradle\wrapper\dists\gradle-8.10.2-bin\a04bxjujx95o3nb99gddekhwo\gradle-8.10.2\lib\agents\gradle-instrumentation-agent-8.10.2.jar org.gradle.launcher.daemon.bootstrap.GradleDaemon 8.10.2

Host: Intel(R) Core(TM) i5-1035G1 CPU @ 1.00GHz, 8 cores, 7G,  Windows 10 , 64 bit Build 19041 (10.0.19041.5438)
Time: Wed Feb 26 02:28:59 2025 FLE Standard Time elapsed time: 66.064122 seconds (0d 0h 1m 6s)

---------------  T H R E A D  ---------------

Current thread (0x00000269aa021f80):  JavaThread "C2 CompilerThread0" daemon [_thread_in_native, id=26840, stack(0x0000008776c00000,0x0000008776d00000) (1024K)]


Current CompileTask:
C2:  66064 7712       4       java.io.ObjectOutputStream::writeClassDesc (60 bytes)

Stack: [0x0000008776c00000,0x0000008776d00000]
Native frames: (J=compiled Java code, j=interpreted, Vv=VM code, C=native code)
V  [jvm.dll+0x6c8e59]
V  [jvm.dll+0x853181]
V  [jvm.dll+0x8556ae]
V  [jvm.dll+0x855d83]
V  [jvm.dll+0x27d526]
V  [jvm.dll+0xc4aad]
V  [jvm.dll+0xc4fe3]
V  [jvm.dll+0x3b3fd2]
V  [jvm.dll+0x3809a5]
V  [jvm.dll+0x37fe1a]
V  [jvm.dll+0x246280]
V  [jvm.dll+0x24585f]
V  [jvm.dll+0x1c69de]
V  [jvm.dll+0x254d49]
V  [jvm.dll+0x2532da]
V  [jvm.dll+0x3ed426]
V  [jvm.dll+0x7fd65b]
V  [jvm.dll+0x6c753d]
C  [ucrtbase.dll+0x21bb2]
C  [KERNEL32.DLL+0x17374]
C  [ntdll.dll+0x4cc91]


---------------  P R O C E S S  ---------------

Threads class SMR info:
_java_thread_list=0x00000269aa273940, length=55, elements={
0x000002698b621180, 0x00000269aa010120, 0x00000269aa011b90, 0x00000269aa01a890,
0x00000269aa01bb00, 0x00000269aa01c560, 0x00000269aa01cfc0, 0x00000269aa021f80,
0x00000269aa023840, 0x00000269aa1edb00, 0x00000269aa3023b0, 0x00000269aad241a0,
0x00000269f0c3c320, 0x00000269f002f420, 0x00000269aace4c50, 0x00000269aace99d0,
0x00000269f0fe00b0, 0x00000269f0fd84f0, 0x00000269f0fdac50, 0x00000269f0fdb970,
0x00000269f0fdb2e0, 0x00000269f0fd9210, 0x00000269f0fd98a0, 0x00000269f0fd8b80,
0x00000269f0fd9f30, 0x00000269f2f4ff80, 0x00000269f2f50610, 0x00000269f2f50ca0,
0x00000269f2f4b750, 0x00000269f2f519c0, 0x00000269f2f51330, 0x00000269f2f4f8f0,
0x00000269f2f4f260, 0x00000269f2f4aa30, 0x00000269f2f4bde0, 0x00000269f2f52050,
0x00000269f2f4c470, 0x00000269f2f4b0c0, 0x00000269f2f4d190, 0x00000269f2f4d820,
0x00000269f2f4deb0, 0x00000269f138a7a0, 0x00000269f138b4c0, 0x00000269f138bb50,
0x00000269f1390380, 0x00000269f138dc20, 0x00000269f138f660, 0x00000269f1391730,
0x00000269f138c1e0, 0x00000269f138fcf0, 0x00000269f13910a0, 0x00000269f138c870,
0x00000269f1391dc0, 0x00000269f138cf00, 0x00000269f138d590
}

Java Threads: ( => current thread )
  0x000002698b621180 JavaThread "main"                              [_thread_blocked, id=31596, stack(0x0000008775e00000,0x0000008775f00000) (1024K)]
  0x00000269aa010120 JavaThread "Reference Handler"          daemon [_thread_blocked, id=29688, stack(0x0000008776600000,0x0000008776700000) (1024K)]
  0x00000269aa011b90 JavaThread "Finalizer"                  daemon [_thread_blocked, id=1540, stack(0x0000008776700000,0x0000008776800000) (1024K)]
  0x00000269aa01a890 JavaThread "Signal Dispatcher"          daemon [_thread_blocked, id=27804, stack(0x0000008776800000,0x0000008776900000) (1024K)]
  0x00000269aa01bb00 JavaThread "Attach Listener"            daemon [_thread_blocked, id=25352, stack(0x0000008776900000,0x0000008776a00000) (1024K)]
  0x00000269aa01c560 JavaThread "Service Thread"             daemon [_thread_blocked, id=10472, stack(0x0000008776a00000,0x0000008776b00000) (1024K)]
  0x00000269aa01cfc0 JavaThread "Monitor Deflation Thread"   daemon [_thread_blocked, id=20684, stack(0x0000008776b00000,0x0000008776c00000) (1024K)]
=>0x00000269aa021f80 JavaThread "C2 CompilerThread0"         daemon [_thread_in_native, id=26840, stack(0x0000008776c00000,0x0000008776d00000) (1024K)]
  0x00000269aa023840 JavaThread "C1 CompilerThread0"         daemon [_thread_blocked, id=27124, stack(0x0000008776d00000,0x0000008776e00000) (1024K)]
  0x00000269aa1edb00 JavaThread "Common-Cleaner"             daemon [_thread_blocked, id=21568, stack(0x0000008776e00000,0x0000008776f00000) (1024K)]
  0x00000269aa3023b0 JavaThread "Notification Thread"        daemon [_thread_blocked, id=28660, stack(0x0000008776f00000,0x0000008777000000) (1024K)]
  0x00000269aad241a0 JavaThread "Daemon health stats"               [_thread_blocked, id=13548, stack(0x0000008777500000,0x0000008777600000) (1024K)]
  0x00000269f0c3c320 JavaThread "Incoming local TCP Connector on port 56693"        [_thread_in_native, id=26800, stack(0x0000008777600000,0x0000008777700000) (1024K)]
  0x00000269f002f420 JavaThread "Daemon periodic checks"            [_thread_blocked, id=7312, stack(0x0000008777700000,0x0000008777800000) (1024K)]
  0x00000269aace4c50 JavaThread "Daemon"                            [_thread_blocked, id=21964, stack(0x0000008777800000,0x0000008777900000) (1024K)]
  0x00000269aace99d0 JavaThread "Handler for socket connection from /127.0.0.1:56693 to /127.0.0.1:56694"        [_thread_in_native, id=14208, stack(0x0000008777900000,0x0000008777a00000) (1024K)]
  0x00000269f0fe00b0 JavaThread "Cancel handler"                    [_thread_blocked, id=29104, stack(0x0000008777a00000,0x0000008777b00000) (1024K)]
  0x00000269f0fd84f0 JavaThread "Daemon worker"                     [_thread_blocked, id=22604, stack(0x0000008777b00000,0x0000008777c00000) (1024K)]
  0x00000269f0fdac50 JavaThread "Asynchronous log dispatcher for DefaultDaemonConnection: socket connection from /127.0.0.1:56693 to /127.0.0.1:56694"        [_thread_blocked, id=18212, stack(0x0000008777c00000,0x0000008777d00000) (1024K)]
  0x00000269f0fdb970 JavaThread "Stdin handler"                     [_thread_blocked, id=18132, stack(0x0000008777d00000,0x0000008777e00000) (1024K)]
  0x00000269f0fdb2e0 JavaThread "Daemon client event forwarder"        [_thread_blocked, id=28184, stack(0x0000008777e00000,0x0000008777f00000) (1024K)]
  0x00000269f0fd9210 JavaThread "Cache worker for journal cache (C:\Users\DELL\.gradle\caches\journal-1)"        [_thread_blocked, id=19304, stack(0x0000008777f00000,0x0000008778000000) (1024K)]
  0x00000269f0fd98a0 JavaThread "File lock request listener"        [_thread_in_native, id=15152, stack(0x0000008778000000,0x0000008778100000) (1024K)]
  0x00000269f0fd8b80 JavaThread "Cache worker for file hash cache (C:\Users\DELL\.gradle\caches\8.10.2\fileHashes)"        [_thread_in_native, id=30124, stack(0x0000008778100000,0x0000008778200000) (1024K)]
  0x00000269f0fd9f30 JavaThread "File lock release action executor"        [_thread_blocked, id=22172, stack(0x0000008778200000,0x0000008778300000) (1024K)]
  0x00000269f2f4ff80 JavaThread "Cache worker for file hash cache (C:\Users\DELL\AndroidStudioProjects\MyApplication2\.gradle\8.10.2\fileHashes)"        [_thread_blocked, id=16636, stack(0x0000008778600000,0x0000008778700000) (1024K)]
  0x00000269f2f50610 JavaThread "Cache worker for Build Output Cleanup Cache (C:\Users\DELL\AndroidStudioProjects\MyApplication2\.gradle\buildOutputCleanup)"        [_thread_blocked, id=32128, stack(0x0000008778700000,0x0000008778800000) (1024K)]
  0x00000269f2f50ca0 JavaThread "File watcher server"        daemon [_thread_in_native, id=17056, stack(0x0000008778800000,0x0000008778900000) (1024K)]
  0x00000269f2f4b750 JavaThread "File watcher consumer"      daemon [_thread_blocked, id=14288, stack(0x0000008778900000,0x0000008778a00000) (1024K)]
  0x00000269f2f519c0 JavaThread "jar transforms"                    [_thread_blocked, id=19764, stack(0x0000008778a00000,0x0000008778b00000) (1024K)]
  0x00000269f2f51330 JavaThread "jar transforms Thread 2"           [_thread_blocked, id=23120, stack(0x0000008778b00000,0x0000008778c00000) (1024K)]
  0x00000269f2f4f8f0 JavaThread "jar transforms Thread 3"           [_thread_blocked, id=12272, stack(0x0000008778c00000,0x0000008778d00000) (1024K)]
  0x00000269f2f4f260 JavaThread "Cache worker for checksums cache (C:\Users\DELL\AndroidStudioProjects\MyApplication2\.gradle\8.10.2\checksums)"        [_thread_blocked, id=17628, stack(0x0000008778d00000,0x0000008778e00000) (1024K)]
  0x00000269f2f4aa30 JavaThread "Cache worker for file content cache (C:\Users\DELL\.gradle\caches\8.10.2\fileContent)"        [_thread_blocked, id=22904, stack(0x0000008778e00000,0x0000008778f00000) (1024K)]
  0x00000269f2f4bde0 JavaThread "Cache worker for cache directory md-rule (C:\Users\DELL\.gradle\caches\8.10.2\md-rule)"        [_thread_blocked, id=15300, stack(0x0000008778f00000,0x0000008779000000) (1024K)]
  0x00000269f2f52050 JavaThread "Cache worker for cache directory md-supplier (C:\Users\DELL\.gradle\caches\8.10.2\md-supplier)"        [_thread_blocked, id=25460, stack(0x0000008779000000,0x0000008779100000) (1024K)]
  0x00000269f2f4c470 JavaThread "jar transforms Thread 4"           [_thread_blocked, id=3316, stack(0x0000008779100000,0x0000008779200000) (1024K)]
  0x00000269f2f4b0c0 JavaThread "jar transforms Thread 5"           [_thread_blocked, id=17496, stack(0x0000008779200000,0x0000008779300000) (1024K)]
  0x00000269f2f4d190 JavaThread "jar transforms Thread 6"           [_thread_blocked, id=20296, stack(0x0000008779300000,0x0000008779400000) (1024K)]
  0x00000269f2f4d820 JavaThread "jar transforms Thread 7"           [_thread_blocked, id=15476, stack(0x0000008779400000,0x0000008779500000) (1024K)]
  0x00000269f2f4deb0 JavaThread "jar transforms Thread 8"           [_thread_blocked, id=1332, stack(0x0000008779500000,0x0000008779600000) (1024K)]
  0x00000269f138a7a0 JavaThread "Unconstrained build operations"        [_thread_blocked, id=18228, stack(0x0000008775b00000,0x0000008775c00000) (1024K)]
  0x00000269f138b4c0 JavaThread "Unconstrained build operations Thread 2"        [_thread_blocked, id=24508, stack(0x0000008775c00000,0x0000008775d00000) (1024K)]
  0x00000269f138bb50 JavaThread "Unconstrained build operations Thread 3"        [_thread_blocked, id=27556, stack(0x0000008775d00000,0x0000008775e00000) (1024K)]
  0x00000269f1390380 JavaThread "Unconstrained build operations Thread 4"        [_thread_blocked, id=17796, stack(0x0000008779600000,0x0000008779700000) (1024K)]
  0x00000269f138dc20 JavaThread "Unconstrained build operations Thread 5"        [_thread_blocked, id=21276, stack(0x0000008779700000,0x0000008779800000) (1024K)]
  0x00000269f138f660 JavaThread "Unconstrained build operations Thread 6"        [_thread_blocked, id=8316, stack(0x0000008779800000,0x0000008779900000) (1024K)]
  0x00000269f1391730 JavaThread "Unconstrained build operations Thread 7"        [_thread_blocked, id=5204, stack(0x0000008779900000,0x0000008779a00000) (1024K)]
  0x00000269f138c1e0 JavaThread "Unconstrained build operations Thread 8"        [_thread_blocked, id=2556, stack(0x0000008779a00000,0x0000008779b00000) (1024K)]
  0x00000269f138fcf0 JavaThread "Unconstrained build operations Thread 9"        [_thread_blocked, id=25360, stack(0x0000008779b00000,0x0000008779c00000) (1024K)]
  0x00000269f13910a0 JavaThread "Unconstrained build operations Thread 10"        [_thread_blocked, id=18444, stack(0x0000008779c00000,0x0000008779d00000) (1024K)]
  0x00000269f138c870 JavaThread "Unconstrained build operations Thread 11"        [_thread_blocked, id=15100, stack(0x0000008779d00000,0x0000008779e00000) (1024K)]
  0x00000269f1391dc0 JavaThread "Unconstrained build operations Thread 12"        [_thread_blocked, id=4496, stack(0x0000008779e00000,0x0000008779f00000) (1024K)]
  0x00000269f138cf00 JavaThread "Unconstrained build operations Thread 13"        [_thread_blocked, id=23744, stack(0x0000008779f00000,0x000000877a000000) (1024K)]
  0x00000269f138d590 JavaThread "Unconstrained build operations Thread 14"        [_thread_blocked, id=16044, stack(0x000000877a000000,0x000000877a100000) (1024K)]
Total: 55

Other Threads:
  0x00000269a9fed400 VMThread "VM Thread"                           [id=17592, stack(0x0000008776500000,0x0000008776600000) (1024K)]
  0x00000269a9fd7b20 WatcherThread "VM Periodic Task Thread"        [id=29736, stack(0x0000008776400000,0x0000008776500000) (1024K)]
  0x000002698b675dd0 WorkerThread "GC Thread#0"                     [id=19880, stack(0x0000008775f00000,0x0000008776000000) (1024K)]
  0x00000269aa3e0440 WorkerThread "GC Thread#1"                     [id=28824, stack(0x0000008777000000,0x0000008777100000) (1024K)]
  0x00000269aa7ed820 WorkerThread "GC Thread#2"                     [id=7224, stack(0x0000008777100000,0x0000008777200000) (1024K)]
  0x00000269aa6e6760 WorkerThread "GC Thread#3"                     [id=14216, stack(0x0000008777200000,0x0000008777300000) (1024K)]
  0x00000269f015ec10 WorkerThread "GC Thread#4"                     [id=12812, stack(0x0000008777300000,0x0000008777400000) (1024K)]
  0x00000269f0dd3de0 WorkerThread "GC Thread#5"                     [id=13212, stack(0x0000008777400000,0x0000008777500000) (1024K)]
  0x00000269f0f16f40 WorkerThread "GC Thread#6"                     [id=23592, stack(0x0000008778300000,0x0000008778400000) (1024K)]
  0x00000269f0f172e0 WorkerThread "GC Thread#7"                     [id=23396, stack(0x0000008778400000,0x0000008778500000) (1024K)]
  0x000002698b687510 ConcurrentGCThread "G1 Main Marker"            [id=1876, stack(0x0000008776000000,0x0000008776100000) (1024K)]
  0x000002698b687e20 WorkerThread "G1 Conc#0"                       [id=9388, stack(0x0000008776100000,0x0000008776200000) (1024K)]
  0x00000269f0f18160 WorkerThread "G1 Conc#1"                       [id=20280, stack(0x0000008778500000,0x0000008778600000) (1024K)]
  0x00000269a9ead8a0 ConcurrentGCThread "G1 Refine#0"               [id=19136, stack(0x0000008776200000,0x0000008776300000) (1024K)]
  0x00000269a9eae0c0 ConcurrentGCThread "G1 Service"                [id=20644, stack(0x0000008776300000,0x0000008776400000) (1024K)]
Total: 15

Threads with active compile tasks:
C2 CompilerThread0    67688 7712       4       java.io.ObjectOutputStream::writeClassDesc (60 bytes)
Total: 1

VM state: not at safepoint (normal execution)

VM Mutex/Monitor currently owned by a thread: None

Heap address: 0x0000000080000000, size: 2048 MB, Compressed Oops mode: 32-bit

CDS archive(s) mapped at: [0x00000269ab000000-0x00000269abc90000-0x00000269abc90000), size 13172736, SharedBaseAddress: 0x00000269ab000000, ArchiveRelocationMode: 1.
Compressed class space mapped at: 0x00000269ac000000-0x00000269ec000000, reserved size: 1073741824
Narrow klass base: 0x00000269ab000000, Narrow klass shift: 0, Narrow klass range: 0x100000000

GC Precious Log:
 CardTable entry size: 512
 Card Set container configuration: InlinePtr #cards 5 size 8 Array Of Cards #cards 12 size 40 Howl #buckets 4 coarsen threshold 1843 Howl Bitmap #cards 512 size 80 coarsen threshold 460 Card regions per heap region 1 cards per card region 2048
 CPUs: 8 total, 8 available
 Memory: 7959M
 Large Page Support: Disabled
 NUMA Support: Disabled
 Compressed Oops: Enabled (32-bit)
 Heap Region Size: 1M
 Heap Min Capacity: 8M
 Heap Initial Capacity: 126M
 Heap Max Capacity: 2G
 Pre-touch: Disabled
 Parallel Workers: 8
 Concurrent Workers: 2
 Concurrent Refinement Workers: 8
 Periodic GC: Disabled

Heap:
 garbage-first heap   total 97280K, used 69906K [0x0000000080000000, 0x0000000100000000)
  region size 1024K, 24 young (24576K), 3 survivors (3072K)
 Metaspace       used 59280K, committed 61120K, reserved 1114112K
  class space    used 8372K, committed 9280K, reserved 1048576K

Heap Regions: E=young(eden), S=young(survivor), O=old, HS=humongous(starts), HC=humongous(continues), CS=collection set, F=free, TAMS=top-at-mark-start, PB=parsable bottom
|   0|0x0000000080000000, 0x0000000080100000, 0x0000000080100000|100%| O|  |TAMS 0x0000000080000000| PB 0x0000000080000000| Untracked 
|   1|0x0000000080100000, 0x0000000080200000, 0x0000000080200000|100%| O|  |TAMS 0x0000000080100000| PB 0x0000000080100000| Untracked 
|   2|0x0000000080200000, 0x0000000080300000, 0x0000000080300000|100%|HS|  |TAMS 0x0000000080200000| PB 0x0000000080200000| Complete 
|   3|0x0000000080300000, 0x0000000080400000, 0x0000000080400000|100%|HC|  |TAMS 0x0000000080300000| PB 0x0000000080300000| Complete 
|   4|0x0000000080400000, 0x0000000080500000, 0x0000000080500000|100%|HC|  |TAMS 0x0000000080400000| PB 0x0000000080400000| Complete 
|   5|0x0000000080500000, 0x0000000080600000, 0x0000000080600000|100%|HC|  |TAMS 0x0000000080500000| PB 0x0000000080500000| Complete 
|   6|0x0000000080600000, 0x0000000080700000, 0x0000000080700000|100%| O|  |TAMS 0x0000000080600000| PB 0x0000000080600000| Untracked 
|   7|0x0000000080700000, 0x0000000080800000, 0x0000000080800000|100%| O|  |TAMS 0x0000000080700000| PB 0x0000000080700000| Untracked 
|   8|0x0000000080800000, 0x0000000080900000, 0x0000000080900000|100%| O|  |TAMS 0x0000000080800000| PB 0x0000000080800000| Untracked 
|   9|0x0000000080900000, 0x0000000080a00000, 0x0000000080a00000|100%|HS|  |TAMS 0x0000000080900000| PB 0x0000000080900000| Complete 
|  10|0x0000000080a00000, 0x0000000080b00000, 0x0000000080b00000|100%| O|  |TAMS 0x0000000080a00000| PB 0x0000000080a00000| Untracked 
|  11|0x0000000080b00000, 0x0000000080c00000, 0x0000000080c00000|100%| O|  |TAMS 0x0000000080b00000| PB 0x0000000080b00000| Untracked 
|  12|0x0000000080c00000, 0x0000000080d00000, 0x0000000080d00000|100%| O|  |TAMS 0x0000000080c00000| PB 0x0000000080c00000| Untracked 
|  13|0x0000000080d00000, 0x0000000080e00000, 0x0000000080e00000|100%| O|  |TAMS 0x0000000080d00000| PB 0x0000000080d00000| Untracked 
|  14|0x0000000080e00000, 0x0000000080f00000, 0x0000000080f00000|100%| O|  |TAMS 0x0000000080e00000| PB 0x0000000080e00000| Untracked 
|  15|0x0000000080f00000, 0x0000000081000000, 0x0000000081000000|100%| O|  |TAMS 0x0000000080f00000| PB 0x0000000080f00000| Untracked 
|  16|0x0000000081000000, 0x0000000081100000, 0x0000000081100000|100%| O|  |TAMS 0x0000000081000000| PB 0x0000000081000000| Untracked 
|  17|0x0000000081100000, 0x0000000081200000, 0x0000000081200000|100%| O|  |TAMS 0x0000000081100000| PB 0x0000000081100000| Untracked 
|  18|0x0000000081200000, 0x0000000081300000, 0x0000000081300000|100%| O|  |TAMS 0x0000000081200000| PB 0x0000000081200000| Untracked 
|  19|0x0000000081300000, 0x0000000081400000, 0x0000000081400000|100%| O|  |TAMS 0x0000000081300000| PB 0x0000000081300000| Untracked 
|  20|0x0000000081400000, 0x0000000081500000, 0x0000000081500000|100%| O|  |TAMS 0x0000000081400000| PB 0x0000000081400000| Untracked 
|  21|0x0000000081500000, 0x0000000081600000, 0x0000000081600000|100%| O|  |TAMS 0x0000000081500000| PB 0x0000000081500000| Untracked 
|  22|0x0000000081600000, 0x0000000081700000, 0x0000000081700000|100%| O|  |TAMS 0x0000000081600000| PB 0x0000000081600000| Untracked 
|  23|0x0000000081700000, 0x0000000081800000, 0x0000000081800000|100%| O|  |TAMS 0x0000000081700000| PB 0x0000000081700000| Untracked 
|  24|0x0000000081800000, 0x0000000081900000, 0x0000000081900000|100%| O|  |TAMS 0x0000000081800000| PB 0x0000000081800000| Untracked 
|  25|0x0000000081900000, 0x0000000081a00000, 0x0000000081a00000|100%| O|  |TAMS 0x0000000081900000| PB 0x0000000081900000| Untracked 
|  26|0x0000000081a00000, 0x0000000081b00000, 0x0000000081b00000|100%| O|  |TAMS 0x0000000081a00000| PB 0x0000000081a00000| Untracked 
|  27|0x0000000081b00000, 0x0000000081c00000, 0x0000000081c00000|100%| O|  |TAMS 0x0000000081b00000| PB 0x0000000081b00000| Untracked 
|  28|0x0000000081c00000, 0x0000000081d00000, 0x0000000081d00000|100%| O|  |TAMS 0x0000000081c00000| PB 0x0000000081c00000| Untracked 
|  29|0x0000000081d00000, 0x0000000081e00000, 0x0000000081e00000|100%| O|Cm|TAMS 0x0000000081d00000| PB 0x0000000081d00000| Complete 
|  30|0x0000000081e00000, 0x0000000081f00000, 0x0000000081f00000|100%| O|  |TAMS 0x0000000081e00000| PB 0x0000000081e00000| Untracked 
|  31|0x0000000081f00000, 0x0000000082000000, 0x0000000082000000|100%| O|  |TAMS 0x0000000081f00000| PB 0x0000000081f00000| Untracked 
|  32|0x0000000082000000, 0x0000000082100000, 0x0000000082100000|100%| O|  |TAMS 0x0000000082000000| PB 0x0000000082000000| Untracked 
|  33|0x0000000082100000, 0x0000000082200000, 0x0000000082200000|100%| O|  |TAMS 0x0000000082100000| PB 0x0000000082100000| Untracked 
|  34|0x0000000082200000, 0x0000000082300000, 0x0000000082300000|100%| O|  |TAMS 0x0000000082200000| PB 0x0000000082200000| Untracked 
|  35|0x0000000082300000, 0x0000000082400000, 0x0000000082400000|100%| O|  |TAMS 0x0000000082300000| PB 0x0000000082300000| Untracked 
|  36|0x0000000082400000, 0x0000000082500000, 0x0000000082500000|100%| O|  |TAMS 0x0000000082400000| PB 0x0000000082400000| Untracked 
|  37|0x0000000082500000, 0x0000000082600000, 0x0000000082600000|100%| O|  |TAMS 0x0000000082500000| PB 0x0000000082500000| Untracked 
|  38|0x0000000082600000, 0x0000000082700000, 0x0000000082700000|100%| O|  |TAMS 0x0000000082600000| PB 0x0000000082600000| Untracked 
|  39|0x0000000082700000, 0x0000000082800000, 0x0000000082800000|100%| O|  |TAMS 0x0000000082700000| PB 0x0000000082700000| Untracked 
|  40|0x0000000082800000, 0x0000000082900000, 0x0000000082900000|100%| O|  |TAMS 0x0000000082800000| PB 0x0000000082800000| Untracked 
|  41|0x0000000082900000, 0x0000000082a00000, 0x0000000082a00000|100%| O|  |TAMS 0x0000000082900000| PB 0x0000000082900000| Untracked 
|  42|0x0000000082a00000, 0x0000000082b00000, 0x0000000082b00000|100%| O|  |TAMS 0x0000000082a00000| PB 0x0000000082a00000| Untracked 
|  43|0x0000000082b00000, 0x0000000082c00000, 0x0000000082c00000|100%| O|  |TAMS 0x0000000082b00000| PB 0x0000000082b00000| Untracked 
|  44|0x0000000082c00000, 0x0000000082d00000, 0x0000000082d00000|100%| O|  |TAMS 0x0000000082c00000| PB 0x0000000082c00000| Untracked 
|  45|0x0000000082d00000, 0x0000000082d00000, 0x0000000082e00000|  0%| F|  |TAMS 0x0000000082d00000| PB 0x0000000082d00000| Untracked 
|  46|0x0000000082e00000, 0x0000000082eb6c40, 0x0000000082f00000| 71%| O|  |TAMS 0x0000000082e00000| PB 0x0000000082e00000| Untracked 
|  47|0x0000000082f00000, 0x0000000082f00000, 0x0000000083000000|  0%| F|  |TAMS 0x0000000082f00000| PB 0x0000000082f00000| Untracked 
|  48|0x0000000083000000, 0x0000000083000000, 0x0000000083100000|  0%| F|  |TAMS 0x0000000083000000| PB 0x0000000083000000| Untracked 
|  49|0x0000000083100000, 0x0000000083100000, 0x0000000083200000|  0%| F|  |TAMS 0x0000000083100000| PB 0x0000000083100000| Untracked 
|  50|0x0000000083200000, 0x0000000083200000, 0x0000000083300000|  0%| F|  |TAMS 0x0000000083200000| PB 0x0000000083200000| Untracked 
|  51|0x0000000083300000, 0x0000000083300000, 0x0000000083400000|  0%| F|  |TAMS 0x0000000083300000| PB 0x0000000083300000| Untracked 
|  52|0x0000000083400000, 0x0000000083400000, 0x0000000083500000|  0%| F|  |TAMS 0x0000000083400000| PB 0x0000000083400000| Untracked 
|  53|0x0000000083500000, 0x0000000083500000, 0x0000000083600000|  0%| F|  |TAMS 0x0000000083500000| PB 0x0000000083500000| Untracked 
|  54|0x0000000083600000, 0x0000000083600000, 0x0000000083700000|  0%| F|  |TAMS 0x0000000083600000| PB 0x0000000083600000| Untracked 
|  55|0x0000000083700000, 0x0000000083700000, 0x0000000083800000|  0%| F|  |TAMS 0x0000000083700000| PB 0x0000000083700000| Untracked 
|  56|0x0000000083800000, 0x0000000083800000, 0x0000000083900000|  0%| F|  |TAMS 0x0000000083800000| PB 0x0000000083800000| Untracked 
|  57|0x0000000083900000, 0x0000000083900000, 0x0000000083a00000|  0%| F|  |TAMS 0x0000000083900000| PB 0x0000000083900000| Untracked 
|  58|0x0000000083a00000, 0x0000000083a00000, 0x0000000083b00000|  0%| F|  |TAMS 0x0000000083a00000| PB 0x0000000083a00000| Untracked 
|  59|0x0000000083b00000, 0x0000000083b00000, 0x0000000083c00000|  0%| F|  |TAMS 0x0000000083b00000| PB 0x0000000083b00000| Untracked 
|  60|0x0000000083c00000, 0x0000000083c00000, 0x0000000083d00000|  0%| F|  |TAMS 0x0000000083c00000| PB 0x0000000083c00000| Untracked 
|  61|0x0000000083d00000, 0x0000000083d00000, 0x0000000083e00000|  0%| F|  |TAMS 0x0000000083d00000| PB 0x0000000083d00000| Untracked 
|  62|0x0000000083e00000, 0x0000000083e00000, 0x0000000083f00000|  0%| F|  |TAMS 0x0000000083e00000| PB 0x0000000083e00000| Untracked 
|  63|0x0000000083f00000, 0x0000000083f00000, 0x0000000084000000|  0%| F|  |TAMS 0x0000000083f00000| PB 0x0000000083f00000| Untracked 
|  64|0x0000000084000000, 0x0000000084000000, 0x0000000084100000|  0%| F|  |TAMS 0x0000000084000000| PB 0x0000000084000000| Untracked 
|  65|0x0000000084100000, 0x0000000084100000, 0x0000000084200000|  0%| F|  |TAMS 0x0000000084100000| PB 0x0000000084100000| Untracked 
|  66|0x0000000084200000, 0x0000000084200000, 0x0000000084300000|  0%| F|  |TAMS 0x0000000084200000| PB 0x0000000084200000| Untracked 
|  67|0x0000000084300000, 0x0000000084300000, 0x0000000084400000|  0%| F|  |TAMS 0x0000000084300000| PB 0x0000000084300000| Untracked 
|  68|0x0000000084400000, 0x0000000084400000, 0x0000000084500000|  0%| F|  |TAMS 0x0000000084400000| PB 0x0000000084400000| Untracked 
|  69|0x0000000084500000, 0x0000000084500000, 0x0000000084600000|  0%| F|  |TAMS 0x0000000084500000| PB 0x0000000084500000| Untracked 
|  70|0x0000000084600000, 0x00000000846d6850, 0x0000000084700000| 83%| E|  |TAMS 0x0000000084600000| PB 0x0000000084600000| Complete 
|  71|0x0000000084700000, 0x0000000084800000, 0x0000000084800000|100%| E|CS|TAMS 0x0000000084700000| PB 0x0000000084700000| Complete 
|  72|0x0000000084800000, 0x0000000084900000, 0x0000000084900000|100%| E|CS|TAMS 0x0000000084800000| PB 0x0000000084800000| Complete 
|  73|0x0000000084900000, 0x0000000084a00000, 0x0000000084a00000|100%| E|CS|TAMS 0x0000000084900000| PB 0x0000000084900000| Complete 
|  74|0x0000000084a00000, 0x0000000084b00000, 0x0000000084b00000|100%| E|CS|TAMS 0x0000000084a00000| PB 0x0000000084a00000| Complete 
|  75|0x0000000084b00000, 0x0000000084c00000, 0x0000000084c00000|100%| E|CS|TAMS 0x0000000084b00000| PB 0x0000000084b00000| Complete 
|  76|0x0000000084c00000, 0x0000000084d00000, 0x0000000084d00000|100%| E|CS|TAMS 0x0000000084c00000| PB 0x0000000084c00000| Complete 
|  77|0x0000000084d00000, 0x0000000084e00000, 0x0000000084e00000|100%| E|CS|TAMS 0x0000000084d00000| PB 0x0000000084d00000| Complete 
|  78|0x0000000084e00000, 0x0000000084e8dc60, 0x0000000084f00000| 55%| S|CS|TAMS 0x0000000084e00000| PB 0x0000000084e00000| Complete 
|  79|0x0000000084f00000, 0x0000000085000000, 0x0000000085000000|100%| S|CS|TAMS 0x0000000084f00000| PB 0x0000000084f00000| Complete 
|  80|0x0000000085000000, 0x0000000085100000, 0x0000000085100000|100%| S|CS|TAMS 0x0000000085000000| PB 0x0000000085000000| Complete 
|  81|0x0000000085100000, 0x0000000085200000, 0x0000000085200000|100%| E|CS|TAMS 0x0000000085100000| PB 0x0000000085100000| Complete 
|  82|0x0000000085200000, 0x0000000085300000, 0x0000000085300000|100%| E|CS|TAMS 0x0000000085200000| PB 0x0000000085200000| Complete 
|  83|0x0000000085300000, 0x0000000085400000, 0x0000000085400000|100%| E|CS|TAMS 0x0000000085300000| PB 0x0000000085300000| Complete 
|  84|0x0000000085400000, 0x0000000085500000, 0x0000000085500000|100%| E|CS|TAMS 0x0000000085400000| PB 0x0000000085400000| Complete 
|  85|0x0000000085500000, 0x0000000085600000, 0x0000000085600000|100%| E|  |TAMS 0x0000000085500000| PB 0x0000000085500000| Complete 
|  86|0x0000000085600000, 0x0000000085700000, 0x0000000085700000|100%| E|CS|TAMS 0x0000000085600000| PB 0x0000000085600000| Complete 
|  87|0x0000000085700000, 0x0000000085800000, 0x0000000085800000|100%| E|CS|TAMS 0x0000000085700000| PB 0x0000000085700000| Complete 
|  88|0x0000000085800000, 0x0000000085900000, 0x0000000085900000|100%| E|CS|TAMS 0x0000000085800000| PB 0x0000000085800000| Complete 
|  89|0x0000000085900000, 0x0000000085a00000, 0x0000000085a00000|100%| E|CS|TAMS 0x0000000085900000| PB 0x0000000085900000| Complete 
|  90|0x0000000085a00000, 0x0000000085b00000, 0x0000000085b00000|100%| E|CS|TAMS 0x0000000085a00000| PB 0x0000000085a00000| Complete 
| 109|0x0000000086d00000, 0x0000000086e00000, 0x0000000086e00000|100%| E|CS|TAMS 0x0000000086d00000| PB 0x0000000086d00000| Complete 
| 110|0x0000000086e00000, 0x0000000086f00000, 0x0000000086f00000|100%| E|CS|TAMS 0x0000000086e00000| PB 0x0000000086e00000| Complete 
| 125|0x0000000087d00000, 0x0000000087e00000, 0x0000000087e00000|100%| E|CS|TAMS 0x0000000087d00000| PB 0x0000000087d00000| Complete 
|2047|0x00000000fff00000, 0x0000000100000000, 0x0000000100000000|100%| O|  |TAMS 0x00000000fff00000| PB 0x00000000fff00000| Untracked 

Card table byte_map: [0x00000269a5120000,0x00000269a5520000] _byte_map_base: 0x00000269a4d20000

Marking Bits: (CMBitMap*) 0x000002698b6762e0
 Bits: [0x00000269a5520000, 0x00000269a7520000)

Polling page: 0x000002698b6f0000

Metaspace:

Usage:
  Non-class:     49.71 MB used.
      Class:      8.18 MB used.
       Both:     57.89 MB used.

Virtual space:
  Non-class space:       64.00 MB reserved,      50.62 MB ( 79%) committed,  1 nodes.
      Class space:        1.00 GB reserved,       9.06 MB ( <1%) committed,  1 nodes.
             Both:        1.06 GB reserved,      59.69 MB (  5%) committed. 

Chunk freelists:
   Non-Class:  13.41 MB
       Class:  6.97 MB
        Both:  20.38 MB

MaxMetaspaceSize: unlimited
CompressedClassSpaceSize: 1.00 GB
Initial GC threshold: 21.00 MB
Current GC threshold: 99.00 MB
CDS: on
 - commit_granule_bytes: 65536.
 - commit_granule_words: 8192.
 - virtual_space_node_default_size: 8388608.
 - enlarge_chunks_in_place: 1.
 - use_allocation_guard: 0.


Internal statistics:

num_allocs_failed_limit: 12.
num_arena_births: 3248.
num_arena_deaths: 0.
num_vsnodes_births: 2.
num_vsnodes_deaths: 0.
num_space_committed: 955.
num_space_uncommitted: 0.
num_chunks_returned_to_freelist: 12.
num_chunks_taken_from_freelist: 6023.
num_chunk_merges: 9.
num_chunk_splits: 3890.
num_chunks_enlarged: 2362.
num_inconsistent_stats: 0.

CodeHeap 'non-profiled nmethods': size=120000Kb used=3580Kb max_used=4009Kb free=116419Kb
 bounds [0x000002699cd70000, 0x000002699d160000, 0x00000269a42a0000]
CodeHeap 'profiled nmethods': size=120000Kb used=13514Kb max_used=13514Kb free=106485Kb
 bounds [0x00000269952a0000, 0x0000026995fe0000, 0x000002699c7d0000]
CodeHeap 'non-nmethods': size=5760Kb used=3028Kb max_used=3045Kb free=2731Kb
 bounds [0x000002699c7d0000, 0x000002699cae0000, 0x000002699cd70000]
 total_blobs=8124 nmethods=7227 adapters=801
 compilation: enabled
              stopped_count=0, restarted_count=0
 full_count=0

Compilation events (20 events):
Event: 64.965 Thread 0x00000269aa023840 nmethod 7894 0x0000026995708290 code [0x00000269957084e0, 0x0000026995708dc0]
Event: 64.965 Thread 0x00000269aa023840 7895       3       org.gradle.internal.snapshot.EmptyChildMap::withNode (7 bytes)
Event: 64.965 Thread 0x00000269aa023840 nmethod 7895 0x00000269959c0390 code [0x00000269959c0540, 0x00000269959c0718]
Event: 64.965 Thread 0x00000269aa023840 7896       3       org.gradle.internal.vfs.impl.VersionHierarchy$1::handleUnrelatedToAnyChild (5 bytes)
Event: 64.965 Thread 0x00000269aa023840 nmethod 7896 0x0000026995707e10 code [0x0000026995707fc0, 0x0000026995708188]
Event: 64.965 Thread 0x00000269aa023840 7893       3       org.gradle.cache.internal.DefaultCacheCoordinator$UnitOfWorkFileAccess::writeFile (14 bytes)
Event: 64.966 Thread 0x00000269aa023840 nmethod 7893 0x0000026995707610 code [0x0000026995707800, 0x0000026995707c20]
Event: 65.002 Thread 0x00000269aa023840 7897   !   3       sun.nio.fs.WindowsNativeDispatcher::FindFirstFile (75 bytes)
Event: 65.003 Thread 0x00000269aa023840 nmethod 7897 0x0000026995788c10 code [0x0000026995788e60, 0x0000026995789500]
Event: 65.003 Thread 0x00000269aa023840 7898       3       sun.nio.fs.WindowsNativeDispatcher$FirstFile::<init> (5 bytes)
Event: 65.003 Thread 0x00000269aa023840 nmethod 7898 0x0000026995707210 code [0x00000269957073a0, 0x0000026995707508]
Event: 65.018 Thread 0x00000269aa023840 7900       3       com.google.common.collect.MapMakerInternalMap$WeakKeyDummyValueEntry$LinkedWeakKeyDummyValueEntry::<init> (15 bytes)
Event: 65.018 Thread 0x00000269aa023840 nmethod 7900 0x0000026995788510 code [0x00000269957886e0, 0x0000026995788a38]
Event: 65.060 Thread 0x00000269aa023840 7901       3       java.util.ArrayDeque$DeqSpliterator::tryAdvance (84 bytes)
Event: 65.061 Thread 0x00000269aa023840 nmethod 7901 0x0000026995787a10 code [0x0000026995787c20, 0x0000026995788258]
Event: 65.082 Thread 0x00000269aa023840 7902       3       java.util.ArrayDeque::getLast (33 bytes)
Event: 65.083 Thread 0x00000269aa023840 nmethod 7902 0x0000026995706b90 code [0x0000026995706d60, 0x0000026995707098]
Event: 65.085 Thread 0x00000269aa023840 7906       3       org.gradle.api.internal.artifacts.ivyservice.resolveengine.artifact.ParallelResolveArtifactSet$VisitingSet$StartVisitAction::visitArtifacts (31 bytes)
Event: 65.086 Thread 0x00000269aa023840 nmethod 7906 0x0000026995787310 code [0x00000269957874e0, 0x0000026995787880]
Event: 65.122 Thread 0x00000269aa023840 7907       3       org.gradle.internal.snapshot.LargeChildMap::withNode (45 bytes)

GC Heap History (20 events):
Event: 13.669 GC heap before
{Heap before GC invocations=4 (full 0):
 garbage-first heap   total 129024K, used 38363K [0x0000000080000000, 0x0000000100000000)
  region size 1024K, 25 young (25600K), 10 survivors (10240K)
 Metaspace       used 20839K, committed 21504K, reserved 1114112K
  class space    used 2989K, committed 3328K, reserved 1048576K
}
Event: 13.676 GC heap after
{Heap after GC invocations=5 (full 0):
 garbage-first heap   total 129024K, used 25250K [0x0000000080000000, 0x0000000100000000)
  region size 1024K, 2 young (2048K), 2 survivors (2048K)
 Metaspace       used 20839K, committed 21504K, reserved 1114112K
  class space    used 2989K, committed 3328K, reserved 1048576K
}
Event: 17.409 GC heap before
{Heap before GC invocations=6 (full 0):
 garbage-first heap   total 89088K, used 87714K [0x0000000080000000, 0x0000000100000000)
  region size 1024K, 64 young (65536K), 2 survivors (2048K)
 Metaspace       used 28874K, committed 29888K, reserved 1114112K
  class space    used 4248K, committed 4736K, reserved 1048576K
}
Event: 17.417 GC heap after
{Heap after GC invocations=7 (full 0):
 garbage-first heap   total 95232K, used 29543K [0x0000000080000000, 0x0000000100000000)
  region size 1024K, 6 young (6144K), 6 survivors (6144K)
 Metaspace       used 28874K, committed 29888K, reserved 1114112K
  class space    used 4248K, committed 4736K, reserved 1048576K
}
Event: 21.847 GC heap before
{Heap before GC invocations=7 (full 0):
 garbage-first heap   total 95232K, used 72551K [0x0000000080000000, 0x0000000100000000)
  region size 1024K, 49 young (50176K), 6 survivors (6144K)
 Metaspace       used 34649K, committed 35968K, reserved 1114112K
  class space    used 5129K, committed 5824K, reserved 1048576K
}
Event: 21.853 GC heap after
{Heap after GC invocations=8 (full 0):
 garbage-first heap   total 95232K, used 32545K [0x0000000080000000, 0x0000000100000000)
  region size 1024K, 4 young (4096K), 4 survivors (4096K)
 Metaspace       used 34649K, committed 35968K, reserved 1114112K
  class space    used 5129K, committed 5824K, reserved 1048576K
}
Event: 21.917 GC heap before
{Heap before GC invocations=8 (full 0):
 garbage-first heap   total 95232K, used 33569K [0x0000000080000000, 0x0000000100000000)
  region size 1024K, 6 young (6144K), 4 survivors (4096K)
 Metaspace       used 34987K, committed 36288K, reserved 1114112K
  class space    used 5163K, committed 5824K, reserved 1048576K
}
Event: 21.920 GC heap after
{Heap after GC invocations=9 (full 0):
 garbage-first heap   total 95232K, used 32585K [0x0000000080000000, 0x0000000100000000)
  region size 1024K, 4 young (4096K), 4 survivors (4096K)
 Metaspace       used 34987K, committed 36288K, reserved 1114112K
  class space    used 5163K, committed 5824K, reserved 1048576K
}
Event: 29.573 GC heap before
{Heap before GC invocations=10 (full 0):
 garbage-first heap   total 95232K, used 86857K [0x0000000080000000, 0x0000000100000000)
  region size 1024K, 53 young (54272K), 4 survivors (4096K)
 Metaspace       used 40757K, committed 42112K, reserved 1114112K
  class space    used 5716K, committed 6400K, reserved 1048576K
}
Event: 29.580 GC heap after
{Heap after GC invocations=11 (full 0):
 garbage-first heap   total 97280K, used 37312K [0x0000000080000000, 0x0000000100000000)
  region size 1024K, 7 young (7168K), 7 survivors (7168K)
 Metaspace       used 40757K, committed 42112K, reserved 1114112K
  class space    used 5716K, committed 6400K, reserved 1048576K
}
Event: 37.004 GC heap before
{Heap before GC invocations=11 (full 0):
 garbage-first heap   total 97280K, used 83392K [0x0000000080000000, 0x0000000100000000)
  region size 1024K, 52 young (53248K), 7 survivors (7168K)
 Metaspace       used 43574K, committed 45120K, reserved 1114112K
  class space    used 6155K, committed 6912K, reserved 1048576K
}
Event: 37.010 GC heap after
{Heap after GC invocations=12 (full 0):
 garbage-first heap   total 97280K, used 39100K [0x0000000080000000, 0x0000000100000000)
  region size 1024K, 2 young (2048K), 2 survivors (2048K)
 Metaspace       used 43574K, committed 45120K, reserved 1114112K
  class space    used 6155K, committed 6912K, reserved 1048576K
}
Event: 43.525 GC heap before
{Heap before GC invocations=12 (full 0):
 garbage-first heap   total 97280K, used 87228K [0x0000000080000000, 0x0000000100000000)
  region size 1024K, 48 young (49152K), 2 survivors (2048K)
 Metaspace       used 50093K, committed 51776K, reserved 1114112K
  class space    used 6996K, committed 7872K, reserved 1048576K
}
Event: 43.528 GC heap after
{Heap after GC invocations=13 (full 0):
 garbage-first heap   total 97280K, used 41274K [0x0000000080000000, 0x0000000100000000)
  region size 1024K, 4 young (4096K), 4 survivors (4096K)
 Metaspace       used 50093K, committed 51776K, reserved 1114112K
  class space    used 6996K, committed 7872K, reserved 1048576K
}
Event: 48.898 GC heap before
{Heap before GC invocations=13 (full 0):
 garbage-first heap   total 97280K, used 86330K [0x0000000080000000, 0x0000000100000000)
  region size 1024K, 48 young (49152K), 4 survivors (4096K)
 Metaspace       used 55291K, committed 57088K, reserved 1114112K
  class space    used 7806K, committed 8704K, reserved 1048576K
}
Event: 48.904 GC heap after
{Heap after GC invocations=14 (full 0):
 garbage-first heap   total 97280K, used 44161K [0x0000000080000000, 0x0000000100000000)
  region size 1024K, 6 young (6144K), 6 survivors (6144K)
 Metaspace       used 55291K, committed 57088K, reserved 1114112K
  class space    used 7806K, committed 8704K, reserved 1048576K
}
Event: 61.135 GC heap before
{Heap before GC invocations=14 (full 0):
 garbage-first heap   total 97280K, used 84097K [0x0000000080000000, 0x0000000100000000)
  region size 1024K, 45 young (46080K), 6 survivors (6144K)
 Metaspace       used 58436K, committed 60288K, reserved 1114112K
  class space    used 8279K, committed 9216K, reserved 1048576K
}
Event: 61.144 GC heap after
{Heap after GC invocations=15 (full 0):
 garbage-first heap   total 97280K, used 47520K [0x0000000080000000, 0x0000000100000000)
  region size 1024K, 6 young (6144K), 6 survivors (6144K)
 Metaspace       used 58436K, committed 60288K, reserved 1114112K
  class space    used 8279K, committed 9216K, reserved 1048576K
}
Event: 63.502 GC heap before
{Heap before GC invocations=15 (full 0):
 garbage-first heap   total 97280K, used 58784K [0x0000000080000000, 0x0000000100000000)
  region size 1024K, 19 young (19456K), 6 survivors (6144K)
 Metaspace       used 58897K, committed 60736K, reserved 1114112K
  class space    used 8322K, committed 9216K, reserved 1048576K
}
Event: 63.507 GC heap after
{Heap after GC invocations=16 (full 0):
 garbage-first heap   total 97280K, used 50450K [0x0000000080000000, 0x0000000100000000)
  region size 1024K, 3 young (3072K), 3 survivors (3072K)
 Metaspace       used 58897K, committed 60736K, reserved 1114112K
  class space    used 8322K, committed 9216K, reserved 1048576K
}

Dll operation events (15 events):
Event: 0.244 Loaded shared library C:\jdk-21\bin\java.dll
Event: 0.862 Loaded shared library C:\jdk-21\bin\jsvml.dll
Event: 1.041 Loaded shared library C:\jdk-21\bin\zip.dll
Event: 1.053 Loaded shared library C:\jdk-21\bin\instrument.dll
Event: 1.071 Loaded shared library C:\jdk-21\bin\net.dll
Event: 1.076 Loaded shared library C:\jdk-21\bin\nio.dll
Event: 1.082 Loaded shared library C:\jdk-21\bin\zip.dll
Event: 1.646 Loaded shared library C:\jdk-21\bin\jimage.dll
Event: 3.017 Loaded shared library C:\jdk-21\bin\verify.dll
Event: 4.311 Loaded shared library C:\Users\DELL\.gradle\native\c067742578af261105cb4f569cf0c3c89f3d7b1fecec35dd04571415982c5e48\windows-amd64\native-platform.dll
Event: 4.324 Loaded shared library C:\Users\DELL\.gradle\native\100fb08df4bc3b14c8652ba06237920a3bd2aa13389f12d3474272988ae205f9\windows-amd64\native-platform-file-events.dll
Event: 8.790 Loaded shared library C:\jdk-21\bin\management.dll
Event: 8.961 Loaded shared library C:\jdk-21\bin\management_ext.dll
Event: 9.707 Loaded shared library C:\jdk-21\bin\extnet.dll
Event: 10.119 Loaded shared library C:\jdk-21\bin\sunmscapi.dll

Deoptimization events (20 events):
Event: 63.454 Thread 0x00000269f0fd84f0 Uncommon trap: trap_request=0xffffffc6 fr.pc=0x000002699cff4ccc relative=0x000000000000026c
Event: 63.454 Thread 0x00000269f0fd84f0 Uncommon trap: reason=bimorphic_or_optimized_type_check action=maybe_recompile pc=0x000002699cff4ccc method=java.util.Spliterators$IteratorSpliterator.tryAdvance(Ljava/util/function/Consumer;)Z @ 50 c2
Event: 63.455 Thread 0x00000269f0fd84f0 DEOPT PACKING pc=0x000002699cff4ccc sp=0x0000008777bf7b40
Event: 63.455 Thread 0x00000269f0fd84f0 DEOPT UNPACKING pc=0x000002699c827da2 sp=0x0000008777bf7ae0 mode 2
Event: 63.996 Thread 0x00000269f0fd84f0 Uncommon trap: trap_request=0xffffff45 fr.pc=0x000002699d01597c relative=0x000000000000021c
Event: 63.996 Thread 0x00000269f0fd84f0 Uncommon trap: reason=unstable_if action=reinterpret pc=0x000002699d01597c method=org.gradle.internal.snapshot.PathUtil.equalChars(CCLorg/gradle/internal/snapshot/CaseSensitivity;)Z @ 11 c2
Event: 63.997 Thread 0x00000269f0fd84f0 DEOPT PACKING pc=0x000002699d01597c sp=0x0000008777bf31c0
Event: 63.997 Thread 0x00000269f0fd84f0 DEOPT UNPACKING pc=0x000002699c827da2 sp=0x0000008777bf3160 mode 2
Event: 63.997 Thread 0x00000269f0fd84f0 Uncommon trap: trap_request=0xffffff45 fr.pc=0x000002699d0d5608 relative=0x0000000000000068
Event: 63.997 Thread 0x00000269f0fd84f0 Uncommon trap: reason=unstable_if action=reinterpret pc=0x000002699d0d5608 method=org.gradle.internal.snapshot.PathUtil.compareCharsIgnoringCase(CC)I @ 11 c2
Event: 63.997 Thread 0x00000269f0fd84f0 DEOPT PACKING pc=0x000002699d0d5608 sp=0x0000008777bf2f30
Event: 63.997 Thread 0x00000269f0fd84f0 DEOPT UNPACKING pc=0x000002699c827da2 sp=0x0000008777bf2ed0 mode 2
Event: 64.474 Thread 0x00000269f0fd84f0 Uncommon trap: trap_request=0xffffff45 fr.pc=0x000002699d05dfa4 relative=0x0000000000000764
Event: 64.474 Thread 0x00000269f0fd84f0 Uncommon trap: reason=unstable_if action=reinterpret pc=0x000002699d05dfa4 method=org.gradle.internal.snapshot.VfsRelativePath.isPrefix(Ljava/lang/String;ILjava/lang/String;ILorg/gradle/internal/snapshot/CaseSensitivity;)Z @ 101 c2
Event: 64.474 Thread 0x00000269f0fd84f0 DEOPT PACKING pc=0x000002699d05dfa4 sp=0x0000008777bf3b40
Event: 64.474 Thread 0x00000269f0fd84f0 DEOPT UNPACKING pc=0x000002699c827da2 sp=0x0000008777bf3ac8 mode 2
Event: 64.646 Thread 0x00000269f138cf00 Uncommon trap: trap_request=0xffffff45 fr.pc=0x000002699ceb9824 relative=0x0000000000000244
Event: 64.646 Thread 0x00000269f138cf00 Uncommon trap: reason=unstable_if action=reinterpret pc=0x000002699ceb9824 method=java.util.concurrent.ConcurrentHashMap.addCount(JI)V @ 97 c2
Event: 64.646 Thread 0x00000269f138cf00 DEOPT PACKING pc=0x000002699ceb9824 sp=0x0000008779ffe6f0
Event: 64.646 Thread 0x00000269f138cf00 DEOPT UNPACKING pc=0x000002699c827da2 sp=0x0000008779ffe630 mode 2

Classes loaded (20 events):
Event: 49.950 Loading class java/lang/StringCustomizer
Event: 49.950 Loading class java/lang/StringCustomizer done
Event: 49.954 Loading class java/io/FileBeanInfo
Event: 49.954 Loading class java/io/FileBeanInfo done
Event: 49.955 Loading class java/io/FileBeanInfo
Event: 49.955 Loading class java/io/FileBeanInfo done
Event: 49.955 Loading class java/io/FileCustomizer
Event: 49.955 Loading class java/io/FileCustomizer done
Event: 49.955 Loading class java/io/FileCustomizer
Event: 49.955 Loading class java/io/FileCustomizer done
Event: 56.997 Loading class sun/reflect/ReflectionFactory
Event: 57.030 Loading class sun/reflect/ReflectionFactory done
Event: 57.030 Loading class sun/reflect/ReflectionFactory$1
Event: 57.030 Loading class sun/reflect/ReflectionFactory$1 done
Event: 61.274 Loading class java/util/Collections$ReverseComparator
Event: 61.285 Loading class java/util/Collections$ReverseComparator done
Event: 61.285 Loading class java/util/Collections$ReverseComparator2
Event: 61.295 Loading class java/util/Collections$ReverseComparator2 done
Event: 63.127 Loading class java/util/LinkedList$LLSpliterator
Event: 63.142 Loading class java/util/LinkedList$LLSpliterator done

Classes unloaded (0 events):
No events

Classes redefined (0 events):
No events

Internal exceptions (20 events):
Event: 50.318 Thread 0x00000269f0fd84f0 Exception <a 'java/lang/ClassNotFoundException'{0x00000000855b2830}: org/gradle/plugins/ide/eclipse/model/EclipseModel_DecoratedCustomizer> (0x00000000855b2830) 
thrown [s\open\src\hotspot\share\classfile\systemDictionary.cpp, line 312]
Event: 50.327 Thread 0x00000269f0fd84f0 Exception <a 'java/lang/ClassNotFoundException'{0x0000000085435210}: org/gradle/plugins/ide/eclipse/model/EclipseProject_DecoratedBeanInfo> (0x0000000085435210) 
thrown [s\open\src\hotspot\share\classfile\systemDictionary.cpp, line 312]
Event: 50.327 Thread 0x00000269f0fd84f0 Exception <a 'java/lang/ClassNotFoundException'{0x0000000085448ff0}: org/gradle/plugins/ide/eclipse/model/EclipseProjectBeanInfo> (0x0000000085448ff0) 
thrown [s\open\src\hotspot\share\classfile\systemDictionary.cpp, line 312]
Event: 50.328 Thread 0x00000269f0fd84f0 Exception <a 'java/lang/ClassNotFoundException'{0x000000008545c838}: org/gradle/plugins/ide/eclipse/model/EclipseProjectCustomizer> (0x000000008545c838) 
thrown [s\open\src\hotspot\share\classfile\systemDictionary.cpp, line 312]
Event: 50.330 Thread 0x00000269f0fd84f0 Exception <a 'java/lang/ClassNotFoundException'{0x000000008548d5b8}: org/gradle/plugins/ide/eclipse/model/EclipseProject_DecoratedCustomizer> (0x000000008548d5b8) 
thrown [s\open\src\hotspot\share\classfile\systemDictionary.cpp, line 312]
Event: 50.455 Thread 0x00000269f0fdb2e0 Exception <a 'java/lang/NoSuchMethodError'{0x0000000085208180}: static Lorg/gradle/internal/build/event/types/DefaultProjectConfigurationDescriptor;.<clinit>()V> (0x0000000085208180) 
thrown [s\open\src\hotspot\share\prims\jni.cpp, line 1111]
Event: 52.692 Thread 0x00000269f0fd84f0 Exception <a 'java/lang/NoSuchMethodError'{0x0000000084de0328}: 'void java.lang.invoke.DirectMethodHandle$Holder.invokeStatic(java.lang.Object, java.lang.Object, java.lang.Object, java.lang.Object, java.lang.Object, java.lang.Object)'> (0x0000000084de0328) 
thrown [s\open\src\hotspot\share\interpreter\linkResolver.cpp, line 773]
Event: 56.856 Thread 0x00000269f0fd84f0 Exception <a 'java/lang/NoSuchMethodError'{0x00000000849f5c80}: static Lorg/gradle/api/internal/catalog/DefaultVersionCatalog;.<clinit>()V> (0x00000000849f5c80) 
thrown [s\open\src\hotspot\share\prims\jni.cpp, line 1111]
Event: 56.980 Thread 0x00000269f0fd84f0 Exception <a 'java/lang/NoSuchMethodError'{0x0000000084849e50}: static [Ljava/lang/Object;.<clinit>()V> (0x0000000084849e50) 
thrown [s\open\src\hotspot\share\prims\jni.cpp, line 1111]
Event: 56.982 Thread 0x00000269f0fd84f0 Exception <a 'java/lang/NoSuchMethodError'{0x0000000084871508}: static Lorg/gradle/api/internal/catalog/DependencyModel;.<clinit>()V> (0x0000000084871508) 
thrown [s\open\src\hotspot\share\prims\jni.cpp, line 1111]
Event: 56.982 Thread 0x00000269f0fd84f0 Exception <a 'java/lang/NoSuchMethodError'{0x00000000848755d0}: static Lorg/gradle/api/internal/catalog/AbstractContextAwareModel;.<clinit>()V> (0x00000000848755d0) 
thrown [s\open\src\hotspot\share\prims\jni.cpp, line 1111]
Event: 56.984 Thread 0x00000269f0fd84f0 Exception <a 'java/lang/NoSuchMethodError'{0x000000008488f3b8}: static Lorg/gradle/api/internal/artifacts/dependencies/AbstractVersionConstraint;.<clinit>()V> (0x000000008488f3b8) 
thrown [s\open\src\hotspot\share\prims\jni.cpp, line 1111]
Event: 56.988 Thread 0x00000269f0fd84f0 Exception <a 'java/lang/NoSuchMethodError'{0x00000000848e0678}: static Lorg/gradle/api/internal/catalog/PluginModel;.<clinit>()V> (0x00000000848e0678) 
thrown [s\open\src\hotspot\share\prims\jni.cpp, line 1111]
Event: 56.989 Thread 0x00000269f0fd84f0 Exception <a 'java/lang/NoSuchMethodError'{0x00000000848f7db8}: static Lorg/gradle/api/internal/catalog/VersionModel;.<clinit>()V> (0x00000000848f7db8) 
thrown [s\open\src\hotspot\share\prims\jni.cpp, line 1111]
Event: 58.619 Thread 0x00000269f0fd84f0 Exception <a 'java/lang/NoSuchMethodError'{0x000000008433aba0}: 'int java.lang.invoke.DirectMethodHandle$Holder.invokeSpecialIFC(java.lang.Object, java.lang.Object, java.lang.Object)'> (0x000000008433aba0) 
thrown [s\open\src\hotspot\share\interpreter\linkResolver.cpp, line 773]
Event: 59.419 Thread 0x00000269f0fd84f0 Exception <a 'java/lang/NoSuchMethodError'{0x00000000840e2888}: 'java.lang.Object java.lang.invoke.DirectMethodHandle$Holder.invokeSpecial(java.lang.Object, java.lang.Object, java.lang.Object, java.lang.Object, java.lang.Object, long)'> (0x00000000840e2888) 
thrown [s\open\src\hotspot\share\interpreter\linkResolver.cpp, line 773]
Event: 59.491 Thread 0x00000269f0fd84f0 Exception <a 'java/lang/NoSuchMethodError'{0x0000000083f02eb0}: 'void java.lang.invoke.DirectMethodHandle$Holder.invokeStatic(java.lang.Object, java.lang.Object, java.lang.Object, int, java.lang.Object)'> (0x0000000083f02eb0) 
thrown [s\open\src\hotspot\share\interpreter\linkResolver.cpp, line 773]
Event: 63.144 Thread 0x00000269f0fd84f0 Exception <a 'java/lang/IncompatibleClassChangeError'{0x000000008596ff70}: Found class java.lang.Object, but interface was expected> (0x000000008596ff70) 
thrown [s\open\src\hotspot\share\interpreter\linkResolver.cpp, line 840]
Event: 63.520 Thread 0x00000269f0fd84f0 Exception <a 'java/lang/NoSuchMethodError'{0x0000000087d24ab8}: 'java.lang.Object java.lang.invoke.DirectMethodHandle$Holder.newInvokeSpecial(java.lang.Object, java.lang.Object, java.lang.Object, java.lang.Object, int, java.lang.Object)'> (0x0000000087d24ab8) 
thrown [s\open\src\hotspot\share\interpreter\linkResolver.cpp, line 773]
Event: 63.521 Thread 0x00000269f0fd84f0 Exception <a 'java/lang/NoSuchMethodError'{0x0000000087d2d3d8}: 'java.lang.Object java.lang.invoke.Invokers$Holder.linkToTargetMethod(java.lang.Object, java.lang.Object, java.lang.Object, int, java.lang.Object, java.lang.Object)'> (0x0000000087d2d3d8) 
thrown [s\open\src\hotspot\share\interpreter\linkResolver.cpp, line 773]

ZGC Phase Switch (0 events):
No events

VM Operations (20 events):
Event: 60.430 Executing VM operation: HandshakeAllThreads (HandshakeForDeflation) done
Event: 60.430 Executing VM operation: RendezvousGCThreads
Event: 60.430 Executing VM operation: RendezvousGCThreads done
Event: 60.931 Executing VM operation: ICBufferFull
Event: 60.931 Executing VM operation: ICBufferFull done
Event: 61.135 Executing VM operation: G1CollectForAllocation (G1 Evacuation Pause)
Event: 61.144 Executing VM operation: G1CollectForAllocation (G1 Evacuation Pause) done
Event: 61.903 Executing VM operation: HandshakeAllThreads (Deoptimize)
Event: 61.904 Executing VM operation: HandshakeAllThreads (Deoptimize) done
Event: 62.910 Executing VM operation: Cleanup
Event: 62.911 Executing VM operation: Cleanup done
Event: 63.501 Executing VM operation: CollectForMetadataAllocation (Metadata GC Threshold)
Event: 63.507 Executing VM operation: CollectForMetadataAllocation (Metadata GC Threshold) done
Event: 63.586 Executing VM operation: G1PauseRemark
Event: 63.590 Executing VM operation: G1PauseRemark done
Event: 63.613 Executing VM operation: G1PauseCleanup
Event: 63.613 Executing VM operation: G1PauseCleanup done
Event: 64.622 Executing VM operation: Cleanup
Event: 64.623 Executing VM operation: Cleanup done
Event: 65.625 Executing VM operation: Cleanup

Events (20 events):
Event: 63.589 Thread 0x00000269a9fed400 flushing nmethod 0x00000269955e5010
Event: 63.589 Thread 0x00000269a9fed400 flushing nmethod 0x0000026995630210
Event: 63.589 Thread 0x00000269a9fed400 flushing nmethod 0x0000026995632610
Event: 63.589 Thread 0x00000269a9fed400 flushing nmethod 0x0000026995632a10
Event: 63.589 Thread 0x00000269a9fed400 flushing nmethod 0x0000026995635210
Event: 63.589 Thread 0x00000269a9fed400 flushing nmethod 0x0000026995657c90
Event: 63.589 Thread 0x00000269a9fed400 flushing nmethod 0x0000026995658590
Event: 63.589 Thread 0x00000269a9fed400 flushing nmethod 0x0000026995659490
Event: 63.589 Thread 0x00000269a9fed400 flushing nmethod 0x000002699565b110
Event: 63.589 Thread 0x00000269a9fed400 flushing nmethod 0x000002699571bf10
Event: 63.589 Thread 0x00000269a9fed400 flushing nmethod 0x0000026995791b10
Event: 63.589 Thread 0x00000269a9fed400 flushing nmethod 0x00000269957ef010
Event: 63.589 Thread 0x00000269a9fed400 flushing nmethod 0x00000269958e5110
Event: 63.968 Thread 0x00000269f138c1e0 Thread added: 0x00000269f138c1e0
Event: 63.998 Thread 0x00000269f138fcf0 Thread added: 0x00000269f138fcf0
Event: 64.068 Thread 0x00000269f13910a0 Thread added: 0x00000269f13910a0
Event: 64.123 Thread 0x00000269f138c870 Thread added: 0x00000269f138c870
Event: 64.206 Thread 0x00000269f1391dc0 Thread added: 0x00000269f1391dc0
Event: 64.262 Thread 0x00000269f138cf00 Thread added: 0x00000269f138cf00
Event: 64.376 Thread 0x00000269f138d590 Thread added: 0x00000269f138d590


Dynamic libraries:
0x00007ff7c7ae0000 - 0x00007ff7c7af0000 	C:\jdk-21\bin\java.exe
0x00007ffaaf3b0000 - 0x00007ffaaf5a8000 	C:\Windows\SYSTEM32\ntdll.dll
0x00007ffaae9f0000 - 0x00007ffaaeab2000 	C:\Windows\System32\KERNEL32.DLL
0x00007ffaaced0000 - 0x00007ffaad1cf000 	C:\Windows\System32\KERNELBASE.dll
0x00007ffaa8a30000 - 0x00007ffaa8a49000 	C:\jdk-21\bin\jli.dll
0x00007ffaa8a50000 - 0x00007ffaa8a6b000 	C:\jdk-21\bin\VCRUNTIME140.dll
0x00007ffaaccd0000 - 0x00007ffaacdd0000 	C:\Windows\System32\ucrtbase.dll
0x00007ffaaeff0000 - 0x00007ffaaf09f000 	C:\Windows\System32\ADVAPI32.dll
0x00007ffaaeae0000 - 0x00007ffaaeb7e000 	C:\Windows\System32\msvcrt.dll
0x00007ffaaeee0000 - 0x00007ffaaef7f000 	C:\Windows\System32\sechost.dll
0x00007ffaae530000 - 0x00007ffaae653000 	C:\Windows\System32\RPCRT4.dll
0x00007ffaacae0000 - 0x00007ffaacb07000 	C:\Windows\System32\bcrypt.dll
0x00007ffaaf0d0000 - 0x00007ffaaf26d000 	C:\Windows\System32\USER32.dll
0x00007ffaacca0000 - 0x00007ffaaccc2000 	C:\Windows\System32\win32u.dll
0x00007ffaae6c0000 - 0x00007ffaae6eb000 	C:\Windows\System32\GDI32.dll
0x00007ffa99230000 - 0x00007ffa994ca000 	C:\Windows\WinSxS\amd64_microsoft.windows.common-controls_6595b64144ccf1df_6.0.19041.4355_none_60b8b9eb71f62e16\COMCTL32.dll
0x00007ffaacb10000 - 0x00007ffaacc2a000 	C:\Windows\System32\gdi32full.dll
0x00007ffaad330000 - 0x00007ffaad3cd000 	C:\Windows\System32\msvcp_win.dll
0x00007ffaa5080000 - 0x00007ffaa508a000 	C:\Windows\SYSTEM32\VERSION.dll
0x00007ffaaf0a0000 - 0x00007ffaaf0cf000 	C:\Windows\System32\IMM32.DLL
0x00007ffaa8c70000 - 0x00007ffaa8c7c000 	C:\jdk-21\bin\vcruntime140_1.dll
0x00007ffa93710000 - 0x00007ffa9379e000 	C:\jdk-21\bin\msvcp140.dll
0x00007ffa74fa0000 - 0x00007ffa75cb3000 	C:\jdk-21\bin\server\jvm.dll
0x00007ffaae850000 - 0x00007ffaae8bb000 	C:\Windows\System32\WS2_32.dll
0x00007ffaabfe0000 - 0x00007ffaac02b000 	C:\Windows\SYSTEM32\POWRPROF.dll
0x00007ffaa0860000 - 0x00007ffaa0887000 	C:\Windows\SYSTEM32\WINMM.dll
0x00007ffaabe50000 - 0x00007ffaabe62000 	C:\Windows\SYSTEM32\UMPDC.dll
0x00007ffaab270000 - 0x00007ffaab282000 	C:\Windows\SYSTEM32\kernel.appcore.dll
0x00007ffaa8a20000 - 0x00007ffaa8a2a000 	C:\jdk-21\bin\jimage.dll
0x00007ffaaa7b0000 - 0x00007ffaaa994000 	C:\Windows\SYSTEM32\DBGHELP.DLL
0x00007ffa95690000 - 0x00007ffa956c4000 	C:\Windows\SYSTEM32\dbgcore.DLL
0x00007ffaaca50000 - 0x00007ffaacad2000 	C:\Windows\System32\bcryptPrimitives.dll
0x00007ffaa8a10000 - 0x00007ffaa8a1f000 	C:\jdk-21\bin\instrument.dll
0x00007ffaa8760000 - 0x00007ffaa877f000 	C:\jdk-21\bin\java.dll
0x00007ffaada70000 - 0x00007ffaae1dd000 	C:\Windows\System32\SHELL32.dll
0x00007ffaaaab0000 - 0x00007ffaab254000 	C:\Windows\SYSTEM32\windows.storage.dll
0x00007ffaaeb80000 - 0x00007ffaaeed5000 	C:\Windows\System32\combase.dll
0x00007ffaac480000 - 0x00007ffaac4af000 	C:\Windows\SYSTEM32\Wldp.dll
0x00007ffaae8c0000 - 0x00007ffaae98d000 	C:\Windows\System32\OLEAUT32.dll
0x00007ffaae7a0000 - 0x00007ffaae84d000 	C:\Windows\System32\SHCORE.dll
0x00007ffaaef80000 - 0x00007ffaaefd5000 	C:\Windows\System32\shlwapi.dll
0x00007ffaac980000 - 0x00007ffaac9a4000 	C:\Windows\SYSTEM32\profapi.dll
0x00007ffa7c7b0000 - 0x00007ffa7c887000 	C:\jdk-21\bin\jsvml.dll
0x00007ffaa7f60000 - 0x00007ffaa7f78000 	C:\jdk-21\bin\zip.dll
0x00007ffaa7f50000 - 0x00007ffaa7f60000 	C:\jdk-21\bin\net.dll
0x00007ffaa4f40000 - 0x00007ffaa504a000 	C:\Windows\SYSTEM32\WINHTTP.dll
0x00007ffaac1e0000 - 0x00007ffaac24c000 	C:\Windows\system32\mswsock.dll
0x00007ffaa7e30000 - 0x00007ffaa7e46000 	C:\jdk-21\bin\nio.dll
0x00007ffaa7e20000 - 0x00007ffaa7e30000 	C:\jdk-21\bin\verify.dll
0x00007ffa398d0000 - 0x00007ffa398f7000 	C:\Users\DELL\.gradle\native\c067742578af261105cb4f569cf0c3c89f3d7b1fecec35dd04571415982c5e48\windows-amd64\native-platform.dll
0x00007ffa2fff0000 - 0x00007ffa30134000 	C:\Users\DELL\.gradle\native\100fb08df4bc3b14c8652ba06237920a3bd2aa13389f12d3474272988ae205f9\windows-amd64\native-platform-file-events.dll
0x00007ffaa7e10000 - 0x00007ffaa7e1a000 	C:\jdk-21\bin\management.dll
0x00007ffaa7b80000 - 0x00007ffaa7b8b000 	C:\jdk-21\bin\management_ext.dll
0x00007ffaaefe0000 - 0x00007ffaaefe8000 	C:\Windows\System32\PSAPI.DLL
0x00007ffaac3e0000 - 0x00007ffaac3f8000 	C:\Windows\SYSTEM32\CRYPTSP.dll
0x00007ffaaba90000 - 0x00007ffaabac4000 	C:\Windows\system32\rsaenh.dll
0x00007ffaac940000 - 0x00007ffaac96e000 	C:\Windows\SYSTEM32\USERENV.dll
0x00007ffaac3d0000 - 0x00007ffaac3dc000 	C:\Windows\SYSTEM32\CRYPTBASE.dll
0x00007ffaabe70000 - 0x00007ffaabeab000 	C:\Windows\SYSTEM32\IPHLPAPI.DLL
0x00007ffaaf300000 - 0x00007ffaaf308000 	C:\Windows\System32\NSI.dll
0x00007ffaa5900000 - 0x00007ffaa5909000 	C:\jdk-21\bin\extnet.dll
0x00007ffaa5820000 - 0x00007ffaa582e000 	C:\jdk-21\bin\sunmscapi.dll
0x00007ffaad1d0000 - 0x00007ffaad32c000 	C:\Windows\System32\CRYPT32.dll
0x00007ffaac4f0000 - 0x00007ffaac517000 	C:\Windows\SYSTEM32\ncrypt.dll
0x00007ffaac4b0000 - 0x00007ffaac4eb000 	C:\Windows\SYSTEM32\NTASN1.dll
0x00007ffa7b830000 - 0x00007ffa7b837000 	C:\Windows\system32\wshunix.dll

dbghelp: loaded successfully - version: 4.0.5 - missing functions: none
symbol engine: initialized successfully - sym options: 0x614 - pdb path: .;C:\jdk-21\bin;C:\Windows\SYSTEM32;C:\Windows\WinSxS\amd64_microsoft.windows.common-controls_6595b64144ccf1df_6.0.19041.4355_none_60b8b9eb71f62e16;C:\jdk-21\bin\server;C:\Users\DELL\.gradle\native\c067742578af261105cb4f569cf0c3c89f3d7b1fecec35dd04571415982c5e48\windows-amd64;C:\Users\DELL\.gradle\native\100fb08df4bc3b14c8652ba06237920a3bd2aa13389f12d3474272988ae205f9\windows-amd64

VM Arguments:
jvm_args: --add-opens=java.base/java.util=ALL-UNNAMED --add-opens=java.base/java.lang=ALL-UNNAMED --add-opens=java.base/java.lang.invoke=ALL-UNNAMED --add-opens=java.prefs/java.util.prefs=ALL-UNNAMED --add-exports=jdk.compiler/com.sun.tools.javac.api=ALL-UNNAMED --add-exports=jdk.compiler/com.sun.tools.javac.util=ALL-UNNAMED --add-opens=java.base/java.nio.charset=ALL-UNNAMED --add-opens=java.base/java.net=ALL-UNNAMED --add-opens=java.base/java.util.concurrent.atomic=ALL-UNNAMED -Xmx2048m -Dfile.encoding=UTF-8 -Duser.country=US -Duser.language=en -Duser.variant -javaagent:C:\Users\DELL\.gradle\wrapper\dists\gradle-8.10.2-bin\a04bxjujx95o3nb99gddekhwo\gradle-8.10.2\lib\agents\gradle-instrumentation-agent-8.10.2.jar 
java_command: org.gradle.launcher.daemon.bootstrap.GradleDaemon 8.10.2
java_class_path (initial): C:\Users\DELL\.gradle\wrapper\dists\gradle-8.10.2-bin\a04bxjujx95o3nb99gddekhwo\gradle-8.10.2\lib\gradle-daemon-main-8.10.2.jar
Launcher Type: SUN_STANDARD

[Global flags]
     intx CICompilerCount                          = 4                                         {product} {ergonomic}
     uint ConcGCThreads                            = 2                                         {product} {ergonomic}
     uint G1ConcRefinementThreads                  = 8                                         {product} {ergonomic}
   size_t G1HeapRegionSize                         = 1048576                                   {product} {ergonomic}
    uintx GCDrainStackTargetSize                   = 64                                        {product} {ergonomic}
   size_t InitialHeapSize                          = 132120576                                 {product} {ergonomic}
   size_t MarkStackSize                            = 4194304                                   {product} {ergonomic}
   size_t MaxHeapSize                              = 2147483648                                {product} {command line}
   size_t MaxNewSize                               = 1287651328                                {product} {ergonomic}
   size_t MinHeapDeltaBytes                        = 1048576                                   {product} {ergonomic}
   size_t MinHeapSize                              = 8388608                                   {product} {ergonomic}
    uintx NonNMethodCodeHeapSize                   = 5839372                                {pd product} {ergonomic}
    uintx NonProfiledCodeHeapSize                  = 122909434                              {pd product} {ergonomic}
    uintx ProfiledCodeHeapSize                     = 122909434                              {pd product} {ergonomic}
    uintx ReservedCodeCacheSize                    = 251658240                              {pd product} {ergonomic}
     bool SegmentedCodeCache                       = true                                      {product} {ergonomic}
   size_t SoftMaxHeapSize                          = 2147483648                             {manageable} {ergonomic}
     bool UseCompressedOops                        = true                           {product lp64_product} {ergonomic}
     bool UseG1GC                                  = true                                      {product} {ergonomic}
     bool UseLargePagesIndividualAllocation        = false                                  {pd product} {ergonomic}

Logging:
Log output configuration:
 #0: stdout all=warning uptime,level,tags foldmultilines=false
 #1: stderr all=off uptime,level,tags foldmultilines=false

Environment Variables:
JAVA_HOME=C:\jdk-21
PATH=C:\Program Files\Common Files\Oracle\Java\javapath;C:\Windows\system32;C:\Windows;C:\Windows\System32\Wbem;C:\Windows\System32\WindowsPowerShell\v1.0\;C:\Windows\System32\OpenSSH\;C:\Program Files (x86)\NVIDIA Corporation\PhysX\Common;C:\Program Files\PuTTY\;C:\Program Files\Common Files\Autodesk Shared\;C:\Program Files\Microsoft SQL Server\150\Tools\Binn\;C:\Program Files\dotnet\;C:\Program Files\nodejs\;C:\Program Files\Git\cmd;C:\jdk-21\bin;C:\Users\DELL\AppData\Local\Programs\Python\Launcher\;C:\Program Files\MySQL\MySQL Shell 8.0\bin\;C:\Users\DELL\AppData\Local\Microsoft\WindowsApps;;C:\Users\DELL\AppData\Local\Programs\Microsoft VS Code\bin;C:\Users\DELL\AppData\Roaming\npm
USERNAME=DELL
OS=Windows_NT
PROCESSOR_IDENTIFIER=Intel64 Family 6 Model 126 Stepping 5, GenuineIntel
TMP=C:\Users\DELL\AppData\Local\Temp
TEMP=C:\Users\DELL\AppData\Local\Temp




Periodic native trim disabled

---------------  S Y S T E M  ---------------

OS:
 Windows 10 , 64 bit Build 19041 (10.0.19041.5438)
OS uptime: 3 days 22:05 hours

CPU: total 8 (initial active 8) (4 cores per cpu, 2 threads per core) family 6 model 126 stepping 5 microcode 0xc2, cx8, cmov, fxsr, ht, mmx, 3dnowpref, sse, sse2, sse3, ssse3, sse4.1, sse4.2, popcnt, lzcnt, tsc, tscinvbit, avx, avx2, aes, erms, clmul, bmi1, bmi2, adx, avx512f, avx512dq, avx512cd, avx512bw, avx512vl, sha, fma, vzeroupper, avx512_vpopcntdq, avx512_vpclmulqdq, avx512_vaes, avx512_vnni, clflush, clflushopt, avx512_vbmi2, avx512_vbmi, rdtscp, rdpid, fsrm, gfni, avx512_bitalg, f16c, pku, avx512_ifma
Processor Information for all 8 processors :
  Max Mhz: 1190, Current Mhz: 991, Mhz Limit: 987

Memory: 4k page, system-wide physical 7959M (173M free)
TotalPageFile size 22190M (AvailPageFile size 0M)
current process WorkingSet (physical memory assigned to process): 265M, peak: 265M
current process commit charge ("private bytes"): 321M, peak: 325M

vm_info: Java HotSpot(TM) 64-Bit Server VM (21.0.4+8-LTS-274) for windows-amd64 JRE (21.0.4+8-LTS-274), built on 2024-06-05T05:23:33Z by "mach5one" with MS VC++ 17.6 (VS2022)

END.
